Using pre-set license
Built from '2021.3/staging' branch; Version is '2021.3.8f1 (b30333d56e81) revision 11731763'; Using compiler version '192829333'; Build Type 'Release'
OS: 'Windows 10  (10.0.19042) 64bit Enterprise' Language: 'en' Physical Memory: 16304 MB
BatchMode: 1, IsHumanControllingUs: 0, StartBugReporterOnCrash: 0, Is64bit: 1, IsPro: 1

COMMAND LINE ARGUMENTS:
C:\Program Files\Unity 2021.3.8f1\Editor\Unity.exe
-adb2
-batchMode
-noUpm
-name
AssetImportWorker1
-projectPath
C:/Users/acapela/Documents/GitHub/Shaders2022.2
-logFile
Logs/AssetImportWorker1.log
-srvPort
50456
Successfully changed project path to: C:/Users/acapela/Documents/GitHub/Shaders2022.2
C:/Users/acapela/Documents/GitHub/Shaders2022.2
[UnityMemory] Configuration Parameters - Can be set up in boot.config
    "memorysetup-bucket-allocator-granularity=16"
    "memorysetup-bucket-allocator-bucket-count=8"
    "memorysetup-bucket-allocator-block-size=33554432"
    "memorysetup-bucket-allocator-block-count=8"
    "memorysetup-main-allocator-block-size=16777216"
    "memorysetup-thread-allocator-block-size=16777216"
    "memorysetup-gfx-main-allocator-block-size=16777216"
    "memorysetup-gfx-thread-allocator-block-size=16777216"
    "memorysetup-cache-allocator-block-size=4194304"
    "memorysetup-typetree-allocator-block-size=2097152"
    "memorysetup-profiler-bucket-allocator-granularity=16"
    "memorysetup-profiler-bucket-allocator-bucket-count=8"
    "memorysetup-profiler-bucket-allocator-block-size=33554432"
    "memorysetup-profiler-bucket-allocator-block-count=8"
    "memorysetup-profiler-allocator-block-size=16777216"
    "memorysetup-profiler-editor-allocator-block-size=1048576"
    "memorysetup-temp-allocator-size-main=16777216"
    "memorysetup-job-temp-allocator-block-size=2097152"
    "memorysetup-job-temp-allocator-block-size-background=1048576"
    "memorysetup-job-temp-allocator-reduction-small-platforms=262144"
    "memorysetup-temp-allocator-size-background-worker=32768"
    "memorysetup-temp-allocator-size-job-worker=262144"
    "memorysetup-temp-allocator-size-preload-manager=33554432"
    "memorysetup-temp-allocator-size-nav-mesh-worker=65536"
    "memorysetup-temp-allocator-size-audio-worker=65536"
    "memorysetup-temp-allocator-size-cloud-worker=32768"
    "memorysetup-temp-allocator-size-gi-baking-worker=262144"
    "memorysetup-temp-allocator-size-gfx=262144"
Refreshing native plugins compatible for Editor in 43.87 ms, found 2 plugins.
Preloading 0 native plugins for Editor in 0.00 ms.
Initialize engine version: 2021.3.8f1 (b30333d56e81)
[Subsystems] Discovering subsystems at path C:/Program Files/Unity 2021.3.8f1/Editor/Data/Resources/UnitySubsystems
[Subsystems] Discovering subsystems at path C:/Users/acapela/Documents/GitHub/Shaders2022.2/Assets
GfxDevice: creating device client; threaded=0; jobified=0
Direct3D:
    Version:  Direct3D 11.0 [level 11.0]
    Renderer: NVIDIA Quadro K2200  (ID=0x13ba)
    Vendor:   NVIDIA
    VRAM:     4035 MB
    Driver:   10.18.13.5362
Initialize mono
Mono path[0] = 'C:/Program Files/Unity 2021.3.8f1/Editor/Data/Managed'
Mono path[1] = 'C:/Program Files/Unity 2021.3.8f1/Editor/Data/MonoBleedingEdge/lib/mono/unityjit-win32'
Mono config path = 'C:/Program Files/Unity 2021.3.8f1/Editor/Data/MonoBleedingEdge/etc'
Using monoOptions --debugger-agent=transport=dt_socket,embedding=1,server=y,suspend=n,address=127.0.0.1:56924
Begin MonoManager ReloadAssembly
Registering precompiled unity dll's ...
Register platform support module: C:/Program Files/Unity 2021.3.8f1/Editor/Data/PlaybackEngines/AndroidPlayer/UnityEditor.Android.Extensions.dll
Register platform support module: C:/Program Files/Unity 2021.3.8f1/Editor/Data/PlaybackEngines/WindowsStandaloneSupport/UnityEditor.WindowsStandalone.Extensions.dll
Registered in 0.008086 seconds.
Native extension for WindowsStandalone target not found
Native extension for Android target not found
Refreshing native plugins compatible for Editor in 47.06 ms, found 2 plugins.
Preloading 0 native plugins for Editor in 0.00 ms.
Mono: successfully reloaded assembly
- Completed reload, in  0.889 seconds
Domain Reload Profiling:
	ReloadAssembly (889ms)
		BeginReloadAssembly (94ms)
			ExecutionOrderSort (0ms)
			DisableScriptedObjects (0ms)
			BackupInstance (0ms)
			ReleaseScriptingObjects (0ms)
			CreateAndSetChildDomain (1ms)
		EndReloadAssembly (628ms)
			LoadAssemblies (92ms)
			RebuildTransferFunctionScriptingTraits (0ms)
			SetupTypeCache (136ms)
			ReleaseScriptCaches (0ms)
			RebuildScriptCaches (74ms)
			SetupLoadedEditorAssemblies (345ms)
				LogAssemblyErrors (0ms)
				InitializePlatformSupportModulesInManaged (61ms)
				SetLoadedEditorAssemblies (1ms)
				RefreshPlugins (47ms)
				BeforeProcessingInitializeOnLoad (1ms)
				ProcessInitializeOnLoadAttributes (172ms)
				ProcessInitializeOnLoadMethodAttributes (62ms)
				AfterProcessingInitializeOnLoad (0ms)
				EditorAssembliesLoaded (0ms)
			ExecutionOrderSort2 (0ms)
			AwakeInstancesAfterBackupRestoration (0ms)
Platform modules already initialized, skipping
Registering precompiled user dll's ...
Registered in 0.005801 seconds.
Begin MonoManager ReloadAssembly
Native extension for WindowsStandalone target not found
Native extension for Android target not found
Refreshing native plugins compatible for Editor in 0.44 ms, found 2 plugins.
Preloading 0 native plugins for Editor in 0.00 ms.
Mono: successfully reloaded assembly
- Completed reload, in  7.787 seconds
Domain Reload Profiling:
	ReloadAssembly (7788ms)
		BeginReloadAssembly (125ms)
			ExecutionOrderSort (0ms)
			DisableScriptedObjects (7ms)
			BackupInstance (0ms)
			ReleaseScriptingObjects (0ms)
			CreateAndSetChildDomain (21ms)
		EndReloadAssembly (7432ms)
			LoadAssemblies (4541ms)
			RebuildTransferFunctionScriptingTraits (0ms)
			SetupTypeCache (1157ms)
			ReleaseScriptCaches (0ms)
			RebuildScriptCaches (55ms)
			SetupLoadedEditorAssemblies (1609ms)
				LogAssemblyErrors (0ms)
				InitializePlatformSupportModulesInManaged (16ms)
				SetLoadedEditorAssemblies (1ms)
				RefreshPlugins (1ms)
				BeforeProcessingInitializeOnLoad (78ms)
				ProcessInitializeOnLoadAttributes (479ms)
				ProcessInitializeOnLoadMethodAttributes (1027ms)
				AfterProcessingInitializeOnLoad (8ms)
				EditorAssembliesLoaded (0ms)
			ExecutionOrderSort2 (0ms)
			AwakeInstancesAfterBackupRestoration (7ms)
Platform modules already initialized, skipping
========================================================================
Worker process is ready to serve import requests
Launched and connected shader compiler UnityShaderCompiler.exe after 0.11 seconds
Refreshing native plugins compatible for Editor in 0.44 ms, found 2 plugins.
Preloading 0 native plugins for Editor in 0.00 ms.
Unloading 2082 Unused Serialized files (Serialized files now loaded: 0)
Unloading 78 unused Assets / (111.6 KB). Loaded Objects now: 2547.
Memory consumption went from 90.1 MB to 90.0 MB.
Total: 4.101500 ms (FindLiveObjects: 0.183700 ms CreateObjectMapping: 0.099900 ms MarkObjects: 3.614300 ms  DeleteObjects: 0.202000 ms)

AssetImportParameters requested are different than current active one (requested -> active):
  custom:video-decoder-ogg-theora: a1e56fd34408186e4bbccfd4996cb3dc -> 
  custom:container-muxer-webm: aa71ff27fc2769a1b78a27578f13a17b -> 
  custom:container-demuxer-webm: 4f35f7cbe854078d1ac9338744f61a02 -> 
  custom:video-encoder-webm-vp8: eb34c28f22e8b96e1ab97ce403110664 -> 
  custom:audio-encoder-webm-vorbis: bf7c407c2cedff20999df2af8eb42d56 -> 
  custom:framework-win-MediaFoundation: 216162199b28c13a410421893ffa2e32 -> 
  custom:container-demuxer-ogg: 62fdf1f143b41e24485cea50d1cbac27 -> 
  custom:video-decoder-webm-vp8: 9c59270c3fd7afecdb556c50c9e8de78 -> 
  custom:audio-decoder-ogg-vorbis: bf7c407c2cedff20999df2af8eb42d56 -> 
========================================================================
Received Import Request.
  Time since last request: 15945.888200 seconds.
  path: Assets/Shaders/Lighting/Lambert.shader
  artifactKey: Guid(1a9136a3bd77aac4aa844f6d6c25f48e) Importer(815301076,1909f56bfc062723c751e8b465ee728b)
Start importing Assets/Shaders/Lighting/Lambert.shader using Guid(1a9136a3bd77aac4aa844f6d6c25f48e) Importer(815301076,1909f56bfc062723c751e8b465ee728b)  -> (artifact id: '27f1a1c7967ce79f9825f150d3ff2e40') in 0.236228 seconds 
========================================================================
Received Import Request.
  Time since last request: 0.000759 seconds.
  path: Assets/Shaders/Lighting
  artifactKey: Guid(ecbd26336a630e34db3f3c481daa1377) Importer(815301076,1909f56bfc062723c751e8b465ee728b)
Start importing Assets/Shaders/Lighting using Guid(ecbd26336a630e34db3f3c481daa1377) Importer(815301076,1909f56bfc062723c751e8b465ee728b)  -> (artifact id: 'e511950950823f8ef83e1f700184e0b7') in 0.009978 seconds 
========================================================================
Received Import Request.
  Time since last request: 437.680226 seconds.
  path: Assets/Shaders/Lighting/Lambert.shader
  artifactKey: Guid(1a9136a3bd77aac4aa844f6d6c25f48e) Importer(815301076,1909f56bfc062723c751e8b465ee728b)
Start importing Assets/Shaders/Lighting/Lambert.shader using Guid(1a9136a3bd77aac4aa844f6d6c25f48e) Importer(815301076,1909f56bfc062723c751e8b465ee728b)  -> (artifact id: '9d690ecc7b20462d799514937236396b') in 0.017304 seconds 
========================================================================
Received Import Request.
  Time since last request: 62.058611 seconds.
  path: Assets/Shaders/Lighting/Lambert.shader
  artifactKey: Guid(1a9136a3bd77aac4aa844f6d6c25f48e) Importer(815301076,1909f56bfc062723c751e8b465ee728b)
Start importing Assets/Shaders/Lighting/Lambert.shader using Guid(1a9136a3bd77aac4aa844f6d6c25f48e) Importer(815301076,1909f56bfc062723c751e8b465ee728b)  -> (artifact id: '83b56c1e7d93fba25a544aa2af1d3831') in 0.008728 seconds 
========================================================================
Received Import Request.
  Time since last request: 51.273767 seconds.
  path: Assets/Shaders/Lighting/Lambert.shader
  artifactKey: Guid(1a9136a3bd77aac4aa844f6d6c25f48e) Importer(815301076,1909f56bfc062723c751e8b465ee728b)
Start importing Assets/Shaders/Lighting/Lambert.shader using Guid(1a9136a3bd77aac4aa844f6d6c25f48e) Importer(815301076,1909f56bfc062723c751e8b465ee728b)  -> (artifact id: '11a057508bbc7d42a931abb1332e27b0') in 0.005221 seconds 
========================================================================
Received Import Request.
  Time since last request: 199.310801 seconds.
  path: Assets/Shaders/Lighting/Lambert.shader
  artifactKey: Guid(1a9136a3bd77aac4aa844f6d6c25f48e) Importer(815301076,1909f56bfc062723c751e8b465ee728b)
Start importing Assets/Shaders/Lighting/Lambert.shader using Guid(1a9136a3bd77aac4aa844f6d6c25f48e) Importer(815301076,1909f56bfc062723c751e8b465ee728b)  -> (artifact id: 'abb5a7477068c18846256f765eb0e9dc') in 0.007353 seconds 
========================================================================
Received Import Request.
  Time since last request: 31.533513 seconds.
  path: Assets/Shaders/Lighting/Lambert.shader
  artifactKey: Guid(1a9136a3bd77aac4aa844f6d6c25f48e) Importer(815301076,1909f56bfc062723c751e8b465ee728b)
Start importing Assets/Shaders/Lighting/Lambert.shader using Guid(1a9136a3bd77aac4aa844f6d6c25f48e) Importer(815301076,1909f56bfc062723c751e8b465ee728b)  -> (artifact id: '6c7b90220f613e4db82ce1863b5bd7ef') in 0.006485 seconds 
========================================================================
Received Import Request.
  Time since last request: 25.209416 seconds.
  path: Assets/Materials
  artifactKey: Guid(939d813f507890748ad74c804b43f446) Importer(815301076,1909f56bfc062723c751e8b465ee728b)
Start importing Assets/Materials using Guid(939d813f507890748ad74c804b43f446) Importer(815301076,1909f56bfc062723c751e8b465ee728b)  -> (artifact id: '89094991bba5f28862eb554c19155150') in 0.009896 seconds 
========================================================================
Received Import Request.
  Time since last request: 0.057436 seconds.
  path: Assets/Materials/healthbar.mat
  artifactKey: Guid(2e1597eb51a060148a5d990f0939a583) Importer(815301076,1909f56bfc062723c751e8b465ee728b)
Start importing Assets/Materials/healthbar.mat using Guid(2e1597eb51a060148a5d990f0939a583) Importer(815301076,1909f56bfc062723c751e8b465ee728b)  -> (artifact id: '37c287435935e6a8469a6d24e4d636f8') in 0.143956 seconds 
========================================================================
Received Import Request.
  Time since last request: 12.829547 seconds.
  path: Assets/Shaders/Lighting/Lambert.mat
  artifactKey: Guid(065018a98fd9d4341a7440e9fc4318da) Importer(815301076,1909f56bfc062723c751e8b465ee728b)
Start importing Assets/Shaders/Lighting/Lambert.mat using Guid(065018a98fd9d4341a7440e9fc4318da) Importer(815301076,1909f56bfc062723c751e8b465ee728b)  -> (artifact id: '1119dc9ac856d485399f826f3fdddba4') in 0.018739 seconds 
========================================================================
Received Import Request.
  Time since last request: 139.457292 seconds.
  path: Assets/Shaders/Lighting/Lambert.mat
  artifactKey: Guid(065018a98fd9d4341a7440e9fc4318da) Importer(815301076,1909f56bfc062723c751e8b465ee728b)
Start importing Assets/Shaders/Lighting/Lambert.mat using Guid(065018a98fd9d4341a7440e9fc4318da) Importer(815301076,1909f56bfc062723c751e8b465ee728b)  -> (artifact id: 'b41853d2d87f0fe3bb0f56088531e98d') in 0.025231 seconds 
========================================================================
Received Import Request.
  Time since last request: 66.178998 seconds.
  path: Assets/Shaders/Lighting/Lambert.mat
  artifactKey: Guid(065018a98fd9d4341a7440e9fc4318da) Importer(815301076,1909f56bfc062723c751e8b465ee728b)
Start importing Assets/Shaders/Lighting/Lambert.mat using Guid(065018a98fd9d4341a7440e9fc4318da) Importer(815301076,1909f56bfc062723c751e8b465ee728b)  -> (artifact id: '7a938333b0233fd7082489cc2d0afd71') in 0.023762 seconds 
========================================================================
Received Import Request.
  Time since last request: 15.918691 seconds.
  path: Assets/Shaders/Lighting/Lambert.mat
  artifactKey: Guid(065018a98fd9d4341a7440e9fc4318da) Importer(815301076,1909f56bfc062723c751e8b465ee728b)
Start importing Assets/Shaders/Lighting/Lambert.mat using Guid(065018a98fd9d4341a7440e9fc4318da) Importer(815301076,1909f56bfc062723c751e8b465ee728b)  -> (artifact id: 'f28a2217f7619d7e36fc836e2e1be28f') in 0.012490 seconds 
========================================================================
Received Import Request.
  Time since last request: 28.467750 seconds.
  path: Assets/Shaders/Lighting/Lambert.mat
  artifactKey: Guid(065018a98fd9d4341a7440e9fc4318da) Importer(815301076,1909f56bfc062723c751e8b465ee728b)
Start importing Assets/Shaders/Lighting/Lambert.mat using Guid(065018a98fd9d4341a7440e9fc4318da) Importer(815301076,1909f56bfc062723c751e8b465ee728b)  -> (artifact id: '36e5c8c5b1cdc0e7c501a6d3800984ab') in 0.015991 seconds 
========================================================================
Received Import Request.
  Time since last request: 75.240146 seconds.
  path: Assets/Shaders/Lighting/Lambert.mat
  artifactKey: Guid(065018a98fd9d4341a7440e9fc4318da) Importer(815301076,1909f56bfc062723c751e8b465ee728b)
Start importing Assets/Shaders/Lighting/Lambert.mat using Guid(065018a98fd9d4341a7440e9fc4318da) Importer(815301076,1909f56bfc062723c751e8b465ee728b)  -> (artifact id: '0556ae202121df4dcd55dc95f890ef59') in 0.012075 seconds 
========================================================================
Received Import Request.
  Time since last request: 206.636620 seconds.
  path: Assets/Shaders/Lighting/Lambert.mat
  artifactKey: Guid(065018a98fd9d4341a7440e9fc4318da) Importer(815301076,1909f56bfc062723c751e8b465ee728b)
Start importing Assets/Shaders/Lighting/Lambert.mat using Guid(065018a98fd9d4341a7440e9fc4318da) Importer(815301076,1909f56bfc062723c751e8b465ee728b)  -> (artifact id: '348585c4e5ee4377f89e68f82c4cd70c') in 0.132559 seconds 
========================================================================
Received Import Request.
  Time since last request: 329.663926 seconds.
  path: Assets/Shaders/Lighting/Lambert.shader
  artifactKey: Guid(1a9136a3bd77aac4aa844f6d6c25f48e) Importer(815301076,1909f56bfc062723c751e8b465ee728b)
Start importing Assets/Shaders/Lighting/Lambert.shader using Guid(1a9136a3bd77aac4aa844f6d6c25f48e) Importer(815301076,1909f56bfc062723c751e8b465ee728b)  -> (artifact id: '2dbbf05c2115300e6105baa9fc94493f') in 0.007483 seconds 
========================================================================
Received Import Request.
  Time since last request: 6.406911 seconds.
  path: Assets/Shaders/Lighting/Lambert 1.shader
  artifactKey: Guid(544d4f4789311a345bbc6d7434679b1c) Importer(815301076,1909f56bfc062723c751e8b465ee728b)
Start importing Assets/Shaders/Lighting/Lambert 1.shader using Guid(544d4f4789311a345bbc6d7434679b1c) Importer(815301076,1909f56bfc062723c751e8b465ee728b)  -> (artifact id: '5bb79311353194cf4c4e4cade8967f08') in 0.010946 seconds 
========================================================================
Received Import Request.
  Time since last request: 5.158681 seconds.
  path: Assets/Shaders/Lighting/Phong.shader
  artifactKey: Guid(544d4f4789311a345bbc6d7434679b1c) Importer(815301076,1909f56bfc062723c751e8b465ee728b)
Start importing Assets/Shaders/Lighting/Phong.shader using Guid(544d4f4789311a345bbc6d7434679b1c) Importer(815301076,1909f56bfc062723c751e8b465ee728b)  -> (artifact id: '78b4c32d3965fd6cb4dc22591e9edcba') in 0.010597 seconds 
========================================================================
Received Import Request.
  Time since last request: 219.847957 seconds.
  path: Assets/Shaders/Lighting/Phong.shader
  artifactKey: Guid(544d4f4789311a345bbc6d7434679b1c) Importer(815301076,1909f56bfc062723c751e8b465ee728b)
Start importing Assets/Shaders/Lighting/Phong.shader using Guid(544d4f4789311a345bbc6d7434679b1c) Importer(815301076,1909f56bfc062723c751e8b465ee728b)  -> (artifact id: 'b698c85638bfb929f008c4387a7ee958') in 0.006734 seconds 
========================================================================
Received Import Request.
  Time since last request: 7.639975 seconds.
  path: Assets/Shaders/Lighting/Phong.shader
  artifactKey: Guid(544d4f4789311a345bbc6d7434679b1c) Importer(815301076,1909f56bfc062723c751e8b465ee728b)
Start importing Assets/Shaders/Lighting/Phong.shader using Guid(544d4f4789311a345bbc6d7434679b1c) Importer(815301076,1909f56bfc062723c751e8b465ee728b)  -> (artifact id: 'e4563c0db0b9e2642d77f40b8002f515') in 0.007390 seconds 
========================================================================
Received Import Request.
  Time since last request: 59.043412 seconds.
  path: Assets/Shaders/Lighting/Phong.shader
  artifactKey: Guid(544d4f4789311a345bbc6d7434679b1c) Importer(815301076,1909f56bfc062723c751e8b465ee728b)
Start importing Assets/Shaders/Lighting/Phong.shader using Guid(544d4f4789311a345bbc6d7434679b1c) Importer(815301076,1909f56bfc062723c751e8b465ee728b)  -> (artifact id: '91b47778b9407f6dc529fcb77a5709c6') in 0.004796 seconds 
========================================================================
Received Import Request.
  Time since last request: 349.370061 seconds.
  path: Assets/Shaders/Lighting/Phong.shader
  artifactKey: Guid(544d4f4789311a345bbc6d7434679b1c) Importer(815301076,1909f56bfc062723c751e8b465ee728b)
Start importing Assets/Shaders/Lighting/Phong.shader using Guid(544d4f4789311a345bbc6d7434679b1c) Importer(815301076,1909f56bfc062723c751e8b465ee728b)  -> (artifact id: 'c6626c7bac8f286b43bdce136fd3826e') in 0.007777 seconds 
========================================================================
Received Import Request.
  Time since last request: 23.107390 seconds.
  path: Assets/Shaders/Lighting/Phong.mat
  artifactKey: Guid(6ab0f346600782743b96d758d5cf90b8) Importer(815301076,1909f56bfc062723c751e8b465ee728b)
Start importing Assets/Shaders/Lighting/Phong.mat using Guid(6ab0f346600782743b96d758d5cf90b8) Importer(815301076,1909f56bfc062723c751e8b465ee728b)  -> (artifact id: '0af83960f5616a8b966b80ab788fbb23') in 0.137027 seconds 
========================================================================
Received Import Request.
  Time since last request: 110.736370 seconds.
  path: Assets/Shaders/Lighting/Phong.mat
  artifactKey: Guid(6ab0f346600782743b96d758d5cf90b8) Importer(815301076,1909f56bfc062723c751e8b465ee728b)
Start importing Assets/Shaders/Lighting/Phong.mat using Guid(6ab0f346600782743b96d758d5cf90b8) Importer(815301076,1909f56bfc062723c751e8b465ee728b)  -> (artifact id: 'b54683b832f6560ba6fe99c52eddeaf5') in 0.101168 seconds 
========================================================================
Received Import Request.
  Time since last request: 32.468601 seconds.
  path: Assets/Shaders/Lighting/Phong.mat
  artifactKey: Guid(6ab0f346600782743b96d758d5cf90b8) Importer(815301076,1909f56bfc062723c751e8b465ee728b)
Start importing Assets/Shaders/Lighting/Phong.mat using Guid(6ab0f346600782743b96d758d5cf90b8) Importer(815301076,1909f56bfc062723c751e8b465ee728b) Shader error in 'Unlit/Phong': unrecognized identifier 'l' at line 57 (on d3d11)

Compiling Subshader: 0, Pass: <Unnamed Pass 0>, Vertex program with <no keywords>
Platform defines: SHADER_API_DESKTOP UNITY_COLORSPACE_GAMMA UNITY_ENABLE_DETAIL_NORMALMAP UNITY_ENABLE_REFLECTION_BUFFERS UNITY_LIGHTMAP_FULL_HDR UNITY_LIGHT_PROBE_PROXY_VOLUME UNITY_PBS_USE_BRDF1 UNITY_SPECCUBE_BLENDING UNITY_SPECCUBE_BOX_PROJECTION UNITY_USE_DITHER_MASK_FOR_ALPHABLENDED_SHADOWS
Disabled keywords: SHADER_API_GLES30 UNITY_ASTC_NORMALMAP_ENCODING UNITY_ENABLE_NATIVE_SHADOW_LOOKUPS UNITY_FRAMEBUFFER_FETCH_AVAILABLE UNITY_HALF_PRECISION_FRAGMENT_SHADER_REGISTERS UNITY_HARDWARE_TIER1 UNITY_HARDWARE_TIER2 UNITY_HARDWARE_TIER3 UNITY_LIGHTMAP_DLDR_ENCODING UNITY_LIGHTMAP_RGBM_ENCODING UNITY_METAL_SHADOWS_USE_POINT_FILTERING UNITY_NO_DXT5nm UNITY_NO_FULL_STANDARD_SHADER UNITY_NO_SCREENSPACE_SHADOWS UNITY_PBS_USE_BRDF2 UNITY_PBS_USE_BRDF3 UNITY_PRETRANSFORM_TO_DISPLAY_ORIENTATION UNITY_UNIFIED_SHADER_PRECISION_MODEL UNITY_VIRTUAL_TEXTURING
Shader error in 'Unlit/Phong': unrecognized identifier 'l' at line 57 (on d3d11)

Compiling Subshader: 0, Pass: <Unnamed Pass 0>, Vertex program with <no keywords>
Platform defines: SHADER_API_DESKTOP UNITY_COLORSPACE_GAMMA UNITY_ENABLE_DETAIL_NORMALMAP UNITY_ENABLE_REFLECTION_BUFFERS UNITY_LIGHTMAP_FULL_HDR UNITY_LIGHT_PROBE_PROXY_VOLUME UNITY_PBS_USE_BRDF1 UNITY_SPECCUBE_BLENDING UNITY_SPECCUBE_BOX_PROJECTION UNITY_USE_DITHER_MASK_FOR_ALPHABLENDED_SHADOWS
Disabled keywords: SHADER_API_GLES30 UNITY_ASTC_NORMALMAP_ENCODING UNITY_ENABLE_NATIVE_SHADOW_LOOKUPS UNITY_FRAMEBUFFER_FETCH_AVAILABLE UNITY_HALF_PRECISION_FRAGMENT_SHADER_REGISTERS UNITY_HARDWARE_TIER1 UNITY_HARDWARE_TIER2 UNITY_HARDWARE_TIER3 UNITY_LIGHTMAP_DLDR_ENCODING UNITY_LIGHTMAP_RGBM_ENCODING UNITY_METAL_SHADOWS_USE_POINT_FILTERING UNITY_NO_DXT5nm UNITY_NO_FULL_STANDARD_SHADER UNITY_NO_SCREENSPACE_SHADOWS UNITY_PBS_USE_BRDF2 UNITY_PBS_USE_BRDF3 UNITY_PRETRANSFORM_TO_DISPLAY_ORIENTATION UNITY_UNIFIED_SHADER_PRECISION_MODEL UNITY_VIRTUAL_TEXTURING
 -> (artifact id: '3d4063f5f16415ac1f9a940d8f6cae69') in 0.093139 seconds 
========================================================================
Received Import Request.
  Time since last request: 0.719765 seconds.
  path: Assets/Shaders/Lighting/Phong.mat
  artifactKey: Guid(6ab0f346600782743b96d758d5cf90b8) Importer(815301076,1909f56bfc062723c751e8b465ee728b)
Start importing Assets/Shaders/Lighting/Phong.mat using Guid(6ab0f346600782743b96d758d5cf90b8) Importer(815301076,1909f56bfc062723c751e8b465ee728b)  -> (artifact id: '91f193112d099d30504e11abba78d473') in 0.062560 seconds 
========================================================================
Received Import Request.
  Time since last request: 359.595389 seconds.
  path: Assets/Shaders/Lighting/Phong.shader
  artifactKey: Guid(544d4f4789311a345bbc6d7434679b1c) Importer(815301076,1909f56bfc062723c751e8b465ee728b)
Start importing Assets/Shaders/Lighting/Phong.shader using Guid(544d4f4789311a345bbc6d7434679b1c) Importer(815301076,1909f56bfc062723c751e8b465ee728b)  -> (artifact id: 'd65d413b29c3fb0125a1debb4e035ef7') in 0.005511 seconds 
========================================================================
Received Import Request.
  Time since last request: 3.686086 seconds.
  path: Assets/Shaders/Lighting/Phong 1.shader
  artifactKey: Guid(551b7940e88ebdc4ea1e1cdb72c110b5) Importer(815301076,1909f56bfc062723c751e8b465ee728b)
Start importing Assets/Shaders/Lighting/Phong 1.shader using Guid(551b7940e88ebdc4ea1e1cdb72c110b5) Importer(815301076,1909f56bfc062723c751e8b465ee728b)  -> (artifact id: '63f47fd517e5b8726e22ce7decb264e9') in 0.010863 seconds 
========================================================================
Received Import Request.
  Time since last request: 0.000019 seconds.
  path: Assets/Shaders/Lighting/Phong.mat
  artifactKey: Guid(6ab0f346600782743b96d758d5cf90b8) Importer(815301076,1909f56bfc062723c751e8b465ee728b)
Start importing Assets/Shaders/Lighting/Phong.mat using Guid(6ab0f346600782743b96d758d5cf90b8) Importer(815301076,1909f56bfc062723c751e8b465ee728b)  -> (artifact id: '878ea4235df5a9d0443417e55ecc5dd6') in 0.018606 seconds 
========================================================================
Received Import Request.
  Time since last request: 7.423789 seconds.
  path: Assets/Shaders/Lighting/BlinnPhong.shader
  artifactKey: Guid(551b7940e88ebdc4ea1e1cdb72c110b5) Importer(815301076,1909f56bfc062723c751e8b465ee728b)
Start importing Assets/Shaders/Lighting/BlinnPhong.shader using Guid(551b7940e88ebdc4ea1e1cdb72c110b5) Importer(815301076,1909f56bfc062723c751e8b465ee728b)  -> (artifact id: '818cd467e34498ca1d41e11b6a1cbcfe') in 0.008814 seconds 
========================================================================
Received Import Request.
  Time since last request: 18.087131 seconds.
  path: Assets/Shaders/Lighting/BlinnPhong.shader
  artifactKey: Guid(551b7940e88ebdc4ea1e1cdb72c110b5) Importer(815301076,1909f56bfc062723c751e8b465ee728b)
Start importing Assets/Shaders/Lighting/BlinnPhong.shader using Guid(551b7940e88ebdc4ea1e1cdb72c110b5) Importer(815301076,1909f56bfc062723c751e8b465ee728b)  -> (artifact id: '4c5665de609b0277f263d1bd3d806e8e') in 0.012444 seconds 
========================================================================
Received Import Request.
  Time since last request: 281.661281 seconds.
  path: Assets/Shaders/Lighting/BlinnPhong.shader
  artifactKey: Guid(551b7940e88ebdc4ea1e1cdb72c110b5) Importer(815301076,1909f56bfc062723c751e8b465ee728b)
Start importing Assets/Shaders/Lighting/BlinnPhong.shader using Guid(551b7940e88ebdc4ea1e1cdb72c110b5) Importer(815301076,1909f56bfc062723c751e8b465ee728b)  -> (artifact id: '5d73cf8719e69147dcef5d334b6b980e') in 0.010841 seconds 
========================================================================
Received Import Request.
  Time since last request: 36.308906 seconds.
  path: Assets/Shaders/Lighting/BlinnPhong.shader
  artifactKey: Guid(551b7940e88ebdc4ea1e1cdb72c110b5) Importer(815301076,1909f56bfc062723c751e8b465ee728b)
Start importing Assets/Shaders/Lighting/BlinnPhong.shader using Guid(551b7940e88ebdc4ea1e1cdb72c110b5) Importer(815301076,1909f56bfc062723c751e8b465ee728b)  -> (artifact id: '6d02ee04e1ac73bee362171dd1c7c803') in 0.007471 seconds 
========================================================================
Received Import Request.
  Time since last request: 22.219576 seconds.
  path: Assets/Shaders/Lighting/BlinnPhong.mat
  artifactKey: Guid(153bc81a36ddb0347bc1883e41ac0093) Importer(815301076,1909f56bfc062723c751e8b465ee728b)
Start importing Assets/Shaders/Lighting/BlinnPhong.mat using Guid(153bc81a36ddb0347bc1883e41ac0093) Importer(815301076,1909f56bfc062723c751e8b465ee728b)  -> (artifact id: '87532780585eae9d03235f57e2f0342d') in 0.058515 seconds 
========================================================================
Received Import Request.
  Time since last request: 153.324070 seconds.
  path: Assets/Shaders/Lighting/BlinnPhong 1.shader
  artifactKey: Guid(163a730cc0bf0da41950c89082c6ac63) Importer(815301076,1909f56bfc062723c751e8b465ee728b)
Start importing Assets/Shaders/Lighting/BlinnPhong 1.shader using Guid(163a730cc0bf0da41950c89082c6ac63) Importer(815301076,1909f56bfc062723c751e8b465ee728b)  -> (artifact id: 'e65405ba1c197dacfcfc9767b59147c7') in 0.009777 seconds 
========================================================================
Received Import Request.
  Time since last request: 0.000021 seconds.
  path: Assets/Shaders/Lighting/BlinnPhong.mat
  artifactKey: Guid(153bc81a36ddb0347bc1883e41ac0093) Importer(815301076,1909f56bfc062723c751e8b465ee728b)
Start importing Assets/Shaders/Lighting/BlinnPhong.mat using Guid(153bc81a36ddb0347bc1883e41ac0093) Importer(815301076,1909f56bfc062723c751e8b465ee728b)  -> (artifact id: '1f328fb9463586d729b8218135263b80') in 0.042161 seconds 
========================================================================
Received Import Request.
  Time since last request: 48.336245 seconds.
  path: Assets/Shaders/Lighting/Lighting.shader
  artifactKey: Guid(163a730cc0bf0da41950c89082c6ac63) Importer(815301076,1909f56bfc062723c751e8b465ee728b)
Start importing Assets/Shaders/Lighting/Lighting.shader using Guid(163a730cc0bf0da41950c89082c6ac63) Importer(815301076,1909f56bfc062723c751e8b465ee728b)  -> (artifact id: 'cb4d81769d25fa249a025c4a171ff6ac') in 0.011335 seconds 
========================================================================
Received Import Request.
  Time since last request: 64.358920 seconds.
  path: Assets/Shaders/Lighting/Lighting.shader
  artifactKey: Guid(163a730cc0bf0da41950c89082c6ac63) Importer(815301076,1909f56bfc062723c751e8b465ee728b)
Start importing Assets/Shaders/Lighting/Lighting.shader using Guid(163a730cc0bf0da41950c89082c6ac63) Importer(815301076,1909f56bfc062723c751e8b465ee728b)  -> (artifact id: 'a7aa00192ab66fbd10f2372d1bfe290f') in 0.004698 seconds 
========================================================================
Received Import Request.
  Time since last request: 106.530485 seconds.
  path: Assets/Shaders/Lighting/Lighting.shader
  artifactKey: Guid(163a730cc0bf0da41950c89082c6ac63) Importer(815301076,1909f56bfc062723c751e8b465ee728b)
Start importing Assets/Shaders/Lighting/Lighting.shader using Guid(163a730cc0bf0da41950c89082c6ac63) Importer(815301076,1909f56bfc062723c751e8b465ee728b)  -> (artifact id: 'a126cf66c8e14ffbcae6aeaccd721ebd') in 0.007217 seconds 
========================================================================
Received Import Request.
  Time since last request: 6.579598 seconds.
  path: Assets/Shaders/Lighting/Unlit_BlinnPhong.mat
  artifactKey: Guid(ead9a4ffd658b1c439572fc7c9519c0a) Importer(815301076,1909f56bfc062723c751e8b465ee728b)
Start importing Assets/Shaders/Lighting/Unlit_BlinnPhong.mat using Guid(ead9a4ffd658b1c439572fc7c9519c0a) Importer(815301076,1909f56bfc062723c751e8b465ee728b)  -> (artifact id: 'c6d2f2f47b4de5a8d14b0d6a06d017a2') in 0.058186 seconds 
========================================================================
Received Import Request.
  Time since last request: 13.904761 seconds.
  path: Assets/Shaders/Lighting/Lighting.shader
  artifactKey: Guid(163a730cc0bf0da41950c89082c6ac63) Importer(815301076,1909f56bfc062723c751e8b465ee728b)
Start importing Assets/Shaders/Lighting/Lighting.shader using Guid(163a730cc0bf0da41950c89082c6ac63) Importer(815301076,1909f56bfc062723c751e8b465ee728b)  -> (artifact id: 'bd776244337f420bd169a70bea0a2295') in 0.008185 seconds 
========================================================================
Received Import Request.
  Time since last request: 12.629122 seconds.
  path: Assets/Shaders/Lighting/Lighting.mat
  artifactKey: Guid(e4d71a57dec33a54085967f58c1f2958) Importer(815301076,1909f56bfc062723c751e8b465ee728b)
Start importing Assets/Shaders/Lighting/Lighting.mat using Guid(e4d71a57dec33a54085967f58c1f2958) Importer(815301076,1909f56bfc062723c751e8b465ee728b)  -> (artifact id: '4de4f17a3c238be7a36c936b057bfec7') in 0.016271 seconds 
========================================================================
Received Import Request.
  Time since last request: 681.289112 seconds.
  path: Assets/Shaders/Lighting/New Material.mat
  artifactKey: Guid(424c6c4b67a320748b0f38058c2d9bf8) Importer(815301076,1909f56bfc062723c751e8b465ee728b)
Start importing Assets/Shaders/Lighting/New Material.mat using Guid(424c6c4b67a320748b0f38058c2d9bf8) Importer(815301076,1909f56bfc062723c751e8b465ee728b)  -> (artifact id: '53c60b648c85b0e41c363eec33308726') in 0.030761 seconds 
========================================================================
Received Import Request.
  Time since last request: 191.012478 seconds.
  path: Assets/Shaders/Lighting/Lighting.shader
  artifactKey: Guid(163a730cc0bf0da41950c89082c6ac63) Importer(815301076,1909f56bfc062723c751e8b465ee728b)
Start importing Assets/Shaders/Lighting/Lighting.shader using Guid(163a730cc0bf0da41950c89082c6ac63) Importer(815301076,1909f56bfc062723c751e8b465ee728b)  -> (artifact id: 'fc336efafe76989706e76cc7f5b9cbb1') in 0.017794 seconds 
========================================================================
Received Import Request.
  Time since last request: 3.632252 seconds.
  path: Assets/Shaders/Lighting/Lighting 1.shader
  artifactKey: Guid(eb8c2a46ba78f0d4989572dcced361e2) Importer(815301076,1909f56bfc062723c751e8b465ee728b)
Start importing Assets/Shaders/Lighting/Lighting 1.shader using Guid(eb8c2a46ba78f0d4989572dcced361e2) Importer(815301076,1909f56bfc062723c751e8b465ee728b)  -> (artifact id: '782fa242178a89036609b1bb0b26e650') in 0.015129 seconds 
========================================================================
Received Import Request.
  Time since last request: 0.000114 seconds.
  path: Assets/Shaders/Lighting/Lighting.mat
  artifactKey: Guid(e4d71a57dec33a54085967f58c1f2958) Importer(815301076,1909f56bfc062723c751e8b465ee728b)
Start importing Assets/Shaders/Lighting/Lighting.mat using Guid(e4d71a57dec33a54085967f58c1f2958) Importer(815301076,1909f56bfc062723c751e8b465ee728b)  -> (artifact id: '6b123f76b811447c07abb78138800b98') in 0.054276 seconds 
========================================================================
Received Import Request.
  Time since last request: 8.501213 seconds.
  path: Assets/Shaders/Lighting/Fresnel.shader
  artifactKey: Guid(eb8c2a46ba78f0d4989572dcced361e2) Importer(815301076,1909f56bfc062723c751e8b465ee728b)
Start importing Assets/Shaders/Lighting/Fresnel.shader using Guid(eb8c2a46ba78f0d4989572dcced361e2) Importer(815301076,1909f56bfc062723c751e8b465ee728b)  -> (artifact id: '96c07630252eeed2494a5b0a321561ce') in 0.009456 seconds 
========================================================================
Received Import Request.
  Time since last request: 91.822393 seconds.
  path: Assets/Shaders/Lighting/Fresnel.shader
  artifactKey: Guid(eb8c2a46ba78f0d4989572dcced361e2) Importer(815301076,1909f56bfc062723c751e8b465ee728b)
Start importing Assets/Shaders/Lighting/Fresnel.shader using Guid(eb8c2a46ba78f0d4989572dcced361e2) Importer(815301076,1909f56bfc062723c751e8b465ee728b)  -> (artifact id: 'f7054fe285c55f2d61a4356dfb890828') in 0.007645 seconds 
========================================================================
Received Import Request.
  Time since last request: 2.868187 seconds.
  path: Assets/Shaders/Lighting/Fresnel.shader
  artifactKey: Guid(eb8c2a46ba78f0d4989572dcced361e2) Importer(815301076,1909f56bfc062723c751e8b465ee728b)
Start importing Assets/Shaders/Lighting/Fresnel.shader using Guid(eb8c2a46ba78f0d4989572dcced361e2) Importer(815301076,1909f56bfc062723c751e8b465ee728b)  -> (artifact id: '28bdcd783ef387caf6ea35a226801391') in 0.003820 seconds 
========================================================================
Received Import Request.
  Time since last request: 22.156471 seconds.
  path: Assets/Shaders/Lighting/fresnel.mat
  artifactKey: Guid(cd48a8b0ec7ec9a4d927b0503337732b) Importer(815301076,1909f56bfc062723c751e8b465ee728b)
Start importing Assets/Shaders/Lighting/fresnel.mat using Guid(cd48a8b0ec7ec9a4d927b0503337732b) Importer(815301076,1909f56bfc062723c751e8b465ee728b) Shader error in 'Unlit/fresnel': invalid subscript 'xyz' at line 60 (on d3d11)

Compiling Subshader: 0, Pass: <Unnamed Pass 0>, Vertex program with <no keywords>
Platform defines: SHADER_API_DESKTOP UNITY_COLORSPACE_GAMMA UNITY_ENABLE_DETAIL_NORMALMAP UNITY_ENABLE_REFLECTION_BUFFERS UNITY_LIGHTMAP_FULL_HDR UNITY_LIGHT_PROBE_PROXY_VOLUME UNITY_PBS_USE_BRDF1 UNITY_SPECCUBE_BLENDING UNITY_SPECCUBE_BOX_PROJECTION UNITY_USE_DITHER_MASK_FOR_ALPHABLENDED_SHADOWS
Disabled keywords: SHADER_API_GLES30 UNITY_ASTC_NORMALMAP_ENCODING UNITY_ENABLE_NATIVE_SHADOW_LOOKUPS UNITY_FRAMEBUFFER_FETCH_AVAILABLE UNITY_HALF_PRECISION_FRAGMENT_SHADER_REGISTERS UNITY_HARDWARE_TIER1 UNITY_HARDWARE_TIER2 UNITY_HARDWARE_TIER3 UNITY_LIGHTMAP_DLDR_ENCODING UNITY_LIGHTMAP_RGBM_ENCODING UNITY_METAL_SHADOWS_USE_POINT_FILTERING UNITY_NO_DXT5nm UNITY_NO_FULL_STANDARD_SHADER UNITY_NO_SCREENSPACE_SHADOWS UNITY_PBS_USE_BRDF2 UNITY_PBS_USE_BRDF3 UNITY_PRETRANSFORM_TO_DISPLAY_ORIENTATION UNITY_UNIFIED_SHADER_PRECISION_MODEL UNITY_VIRTUAL_TEXTURING
Shader error in 'Unlit/fresnel': invalid subscript 'xyz' at line 60 (on d3d11)

Compiling Subshader: 0, Pass: <Unnamed Pass 0>, Vertex program with <no keywords>
Platform defines: SHADER_API_DESKTOP UNITY_COLORSPACE_GAMMA UNITY_ENABLE_DETAIL_NORMALMAP UNITY_ENABLE_REFLECTION_BUFFERS UNITY_LIGHTMAP_FULL_HDR UNITY_LIGHT_PROBE_PROXY_VOLUME UNITY_PBS_USE_BRDF1 UNITY_SPECCUBE_BLENDING UNITY_SPECCUBE_BOX_PROJECTION UNITY_USE_DITHER_MASK_FOR_ALPHABLENDED_SHADOWS
Disabled keywords: SHADER_API_GLES30 UNITY_ASTC_NORMALMAP_ENCODING UNITY_ENABLE_NATIVE_SHADOW_LOOKUPS UNITY_FRAMEBUFFER_FETCH_AVAILABLE UNITY_HALF_PRECISION_FRAGMENT_SHADER_REGISTERS UNITY_HARDWARE_TIER1 UNITY_HARDWARE_TIER2 UNITY_HARDWARE_TIER3 UNITY_LIGHTMAP_DLDR_ENCODING UNITY_LIGHTMAP_RGBM_ENCODING UNITY_METAL_SHADOWS_USE_POINT_FILTERING UNITY_NO_DXT5nm UNITY_NO_FULL_STANDARD_SHADER UNITY_NO_SCREENSPACE_SHADOWS UNITY_PBS_USE_BRDF2 UNITY_PBS_USE_BRDF3 UNITY_PRETRANSFORM_TO_DISPLAY_ORIENTATION UNITY_UNIFIED_SHADER_PRECISION_MODEL UNITY_VIRTUAL_TEXTURING
 -> (artifact id: 'e42f88ec17a58c8de40f2992639988c4') in 0.055570 seconds 
========================================================================
Received Import Request.
  Time since last request: 15.354719 seconds.
  path: Assets/Shaders/Lighting/fresnel.mat
  artifactKey: Guid(cd48a8b0ec7ec9a4d927b0503337732b) Importer(815301076,1909f56bfc062723c751e8b465ee728b)
Start importing Assets/Shaders/Lighting/fresnel.mat using Guid(cd48a8b0ec7ec9a4d927b0503337732b) Importer(815301076,1909f56bfc062723c751e8b465ee728b)  -> (artifact id: '61baf52591386d4a1868ac99da8b3cf8') in 0.058321 seconds 
========================================================================
Received Import Request.
  Time since last request: 67.888150 seconds.
  path: Assets/Shaders/Lighting/fresnel.mat
  artifactKey: Guid(cd48a8b0ec7ec9a4d927b0503337732b) Importer(815301076,1909f56bfc062723c751e8b465ee728b)
Start importing Assets/Shaders/Lighting/fresnel.mat using Guid(cd48a8b0ec7ec9a4d927b0503337732b) Importer(815301076,1909f56bfc062723c751e8b465ee728b)  -> (artifact id: '35afcd35ddd630e53a78acc4c2012a1d') in 0.060437 seconds 
========================================================================
Received Import Request.
  Time since last request: 85.386166 seconds.
  path: Assets/Shaders/Lighting/fresnel.mat
  artifactKey: Guid(cd48a8b0ec7ec9a4d927b0503337732b) Importer(815301076,1909f56bfc062723c751e8b465ee728b)
Start importing Assets/Shaders/Lighting/fresnel.mat using Guid(cd48a8b0ec7ec9a4d927b0503337732b) Importer(815301076,1909f56bfc062723c751e8b465ee728b)  -> (artifact id: '4794bbc32c2528be0b493d7c23b99cb1') in 0.073511 seconds 
========================================================================
Received Import Request.
  Time since last request: 65.170357 seconds.
  path: Assets/Shaders/Lighting/fresnel.mat
  artifactKey: Guid(cd48a8b0ec7ec9a4d927b0503337732b) Importer(815301076,1909f56bfc062723c751e8b465ee728b)
Start importing Assets/Shaders/Lighting/fresnel.mat using Guid(cd48a8b0ec7ec9a4d927b0503337732b) Importer(815301076,1909f56bfc062723c751e8b465ee728b)  -> (artifact id: 'ed60c64acfb7502a1f6a080c96ef2639') in 0.091357 seconds 
========================================================================
Received Import Request.
  Time since last request: 1.247659 seconds.
  path: Assets/Shaders/Lighting/fresnel.mat
  artifactKey: Guid(cd48a8b0ec7ec9a4d927b0503337732b) Importer(815301076,1909f56bfc062723c751e8b465ee728b)
Start importing Assets/Shaders/Lighting/fresnel.mat using Guid(cd48a8b0ec7ec9a4d927b0503337732b) Importer(815301076,1909f56bfc062723c751e8b465ee728b)  -> (artifact id: 'bfdf472f371a37e2d63bc7ae98d72bed') in 0.052424 seconds 
========================================================================
Received Import Request.
  Time since last request: 10.976223 seconds.
  path: Assets/Shaders/Lighting/fresnel.mat
  artifactKey: Guid(cd48a8b0ec7ec9a4d927b0503337732b) Importer(815301076,1909f56bfc062723c751e8b465ee728b)
Start importing Assets/Shaders/Lighting/fresnel.mat using Guid(cd48a8b0ec7ec9a4d927b0503337732b) Importer(815301076,1909f56bfc062723c751e8b465ee728b)  -> (artifact id: 'ffdd9f02fd29774f0cb52b1eb6712b92') in 0.066248 seconds 
========================================================================
Received Import Request.
  Time since last request: 409.850741 seconds.
  path: Assets/Shaders/MyFirstShader.shader
  artifactKey: Guid(1557d2562911567469301fb05d35742e) Importer(815301076,1909f56bfc062723c751e8b465ee728b)
Start importing Assets/Shaders/MyFirstShader.shader using Guid(1557d2562911567469301fb05d35742e) Importer(815301076,1909f56bfc062723c751e8b465ee728b)  -> (artifact id: '634cc9db6daf53dc339334392c59b8d5') in 0.029123 seconds 
========================================================================
Received Import Request.
  Time since last request: 55.371541 seconds.
  path: Assets/Shaders/Lighting/fresnel.mat
  artifactKey: Guid(cd48a8b0ec7ec9a4d927b0503337732b) Importer(815301076,1909f56bfc062723c751e8b465ee728b)
Start importing Assets/Shaders/Lighting/fresnel.mat using Guid(cd48a8b0ec7ec9a4d927b0503337732b) Importer(815301076,1909f56bfc062723c751e8b465ee728b)  -> (artifact id: 'a7025320e7fd03bcaaa548ae5a2f53bd') in 0.058513 seconds 
========================================================================
Received Import Request.
  Time since last request: 2564.331729 seconds.
  path: Assets/Shaders/Lighting/fresnel.mat
  artifactKey: Guid(cd48a8b0ec7ec9a4d927b0503337732b) Importer(815301076,1909f56bfc062723c751e8b465ee728b)
Start importing Assets/Shaders/Lighting/fresnel.mat using Guid(cd48a8b0ec7ec9a4d927b0503337732b) Importer(815301076,1909f56bfc062723c751e8b465ee728b)  -> (artifact id: 'd542449cc518fb082b26f726a60dad41') in 0.062739 seconds 
========================================================================
Received Import Request.
  Time since last request: 464.824419 seconds.
  path: Assets/Shaders/Lighting/Lighting 1.shader
  artifactKey: Guid(29f0c4c65ea944344b2724047c062af6) Importer(815301076,1909f56bfc062723c751e8b465ee728b)
Start importing Assets/Shaders/Lighting/Lighting 1.shader using Guid(29f0c4c65ea944344b2724047c062af6) Importer(815301076,1909f56bfc062723c751e8b465ee728b)  -> (artifact id: '9c2d142a7559ed56fce792d0acabd263') in 0.012415 seconds 
========================================================================
Received Import Request.
  Time since last request: 17.823740 seconds.
  path: Assets/Shaders/Lighting/IncLighting.shader
  artifactKey: Guid(29f0c4c65ea944344b2724047c062af6) Importer(815301076,1909f56bfc062723c751e8b465ee728b)
Start importing Assets/Shaders/Lighting/IncLighting.shader using Guid(29f0c4c65ea944344b2724047c062af6) Importer(815301076,1909f56bfc062723c751e8b465ee728b)  -> (artifact id: '7ddd4a13f8c9e88281c102beb85ea83a') in 0.009862 seconds 
========================================================================
Received Import Request.
  Time since last request: 68.152790 seconds.
  path: Assets/Shaders/Lighting/IncLighting.shader
  artifactKey: Guid(29f0c4c65ea944344b2724047c062af6) Importer(815301076,1909f56bfc062723c751e8b465ee728b)
Start importing Assets/Shaders/Lighting/IncLighting.shader using Guid(29f0c4c65ea944344b2724047c062af6) Importer(815301076,1909f56bfc062723c751e8b465ee728b)  -> (artifact id: '64c697df07c268c8b8fcb10758351cef') in 0.010942 seconds 
========================================================================
Received Import Request.
  Time since last request: 38.005751 seconds.
  path: Assets/Shaders/Lighting/IncLighting.cginc
  artifactKey: Guid(077f86836a8f41940b5e1a8f8496db14) Importer(815301076,1909f56bfc062723c751e8b465ee728b)
Start importing Assets/Shaders/Lighting/IncLighting.cginc using Guid(077f86836a8f41940b5e1a8f8496db14) Importer(815301076,1909f56bfc062723c751e8b465ee728b)  -> (artifact id: 'ed34d240df6bf3fd0952ff393eee3a7a') in 0.039599 seconds 
========================================================================
Received Import Request.
  Time since last request: 90.893888 seconds.
  path: Assets/Shaders/Lighting/IncLighting.cginc
  artifactKey: Guid(077f86836a8f41940b5e1a8f8496db14) Importer(815301076,1909f56bfc062723c751e8b465ee728b)
Start importing Assets/Shaders/Lighting/IncLighting.cginc using Guid(077f86836a8f41940b5e1a8f8496db14) Importer(815301076,1909f56bfc062723c751e8b465ee728b)  -> (artifact id: '0de46aca5bd3b8044a2b6183694cc413') in 0.003351 seconds 
========================================================================
Received Import Request.
  Time since last request: 66.887344 seconds.
  path: Assets/Shaders/Lighting/IncLighting.cginc
  artifactKey: Guid(077f86836a8f41940b5e1a8f8496db14) Importer(815301076,1909f56bfc062723c751e8b465ee728b)
Start importing Assets/Shaders/Lighting/IncLighting.cginc using Guid(077f86836a8f41940b5e1a8f8496db14) Importer(815301076,1909f56bfc062723c751e8b465ee728b)  -> (artifact id: 'c95b3256eea96e94ba90ab5760ee593d') in 0.003971 seconds 
========================================================================
Received Import Request.
  Time since last request: 112.858383 seconds.
  path: Assets/Shaders/Lighting/IncLighting.cginc
  artifactKey: Guid(077f86836a8f41940b5e1a8f8496db14) Importer(815301076,1909f56bfc062723c751e8b465ee728b)
Start importing Assets/Shaders/Lighting/IncLighting.cginc using Guid(077f86836a8f41940b5e1a8f8496db14) Importer(815301076,1909f56bfc062723c751e8b465ee728b)  -> (artifact id: 'def7d16e91317c5579e4c6c7ddeb3261') in 0.003158 seconds 
========================================================================
Received Import Request.
  Time since last request: 10.296105 seconds.
  path: Assets/Shaders/Lighting/IncLighting.cginc
  artifactKey: Guid(077f86836a8f41940b5e1a8f8496db14) Importer(815301076,1909f56bfc062723c751e8b465ee728b)
Start importing Assets/Shaders/Lighting/IncLighting.cginc using Guid(077f86836a8f41940b5e1a8f8496db14) Importer(815301076,1909f56bfc062723c751e8b465ee728b)  -> (artifact id: '8352fd73a475c661e24681fddfa7e379') in 0.004706 seconds 
========================================================================
Received Import Request.
  Time since last request: 180.464305 seconds.
  path: Assets/Shaders/Lighting/MultiLight.shader
  artifactKey: Guid(c884cf01e3d03254e8e47c3d62fb3987) Importer(815301076,1909f56bfc062723c751e8b465ee728b)
Start importing Assets/Shaders/Lighting/MultiLight.shader using Guid(c884cf01e3d03254e8e47c3d62fb3987) Importer(815301076,1909f56bfc062723c751e8b465ee728b)  -> (artifact id: 'fd7d972b6a9a1153f35b3b5862c2b00b') in 0.012446 seconds 
========================================================================
Received Import Request.
  Time since last request: 28.855553 seconds.
  path: Assets/Shaders/Lighting/MultiLight.shader
  artifactKey: Guid(c884cf01e3d03254e8e47c3d62fb3987) Importer(815301076,1909f56bfc062723c751e8b465ee728b)
Start importing Assets/Shaders/Lighting/MultiLight.shader using Guid(c884cf01e3d03254e8e47c3d62fb3987) Importer(815301076,1909f56bfc062723c751e8b465ee728b)  -> (artifact id: 'aa5675fe15507d5ac5ff8369d881dcbc') in 0.003357 seconds 
========================================================================
Received Import Request.
  Time since last request: 49.493750 seconds.
  path: Assets/Shaders/Lighting/MultiLight.shader
  artifactKey: Guid(c884cf01e3d03254e8e47c3d62fb3987) Importer(815301076,1909f56bfc062723c751e8b465ee728b)
Start importing Assets/Shaders/Lighting/MultiLight.shader using Guid(c884cf01e3d03254e8e47c3d62fb3987) Importer(815301076,1909f56bfc062723c751e8b465ee728b)  -> (artifact id: '60b412ecadc45d013e85d645ae3ce467') in 0.005401 seconds 
========================================================================
Received Import Request.
  Time since last request: 78.267236 seconds.
  path: Assets/Shaders/Lighting/MultiLight.shader
  artifactKey: Guid(c884cf01e3d03254e8e47c3d62fb3987) Importer(815301076,1909f56bfc062723c751e8b465ee728b)
Start importing Assets/Shaders/Lighting/MultiLight.shader using Guid(c884cf01e3d03254e8e47c3d62fb3987) Importer(815301076,1909f56bfc062723c751e8b465ee728b)  -> (artifact id: '03b5a75887402b69cfa675f332a8dffe') in 0.006812 seconds 
========================================================================
Received Import Request.
  Time since last request: 70.067258 seconds.
  path: Assets/Shaders/Lighting/MultiLight.shader
  artifactKey: Guid(c884cf01e3d03254e8e47c3d62fb3987) Importer(815301076,1909f56bfc062723c751e8b465ee728b)
Start importing Assets/Shaders/Lighting/MultiLight.shader using Guid(c884cf01e3d03254e8e47c3d62fb3987) Importer(815301076,1909f56bfc062723c751e8b465ee728b)  -> (artifact id: '23ffcb030d55be644e3f96c4b64a8eb6') in 0.004727 seconds 
========================================================================
Received Import Request.
  Time since last request: 58.238611 seconds.
  path: Assets/Shaders/Lighting/MultiLight.mat
  artifactKey: Guid(591258a44b1d65a4d99a5c0a1cb40236) Importer(815301076,1909f56bfc062723c751e8b465ee728b)
Start importing Assets/Shaders/Lighting/MultiLight.mat using Guid(591258a44b1d65a4d99a5c0a1cb40236) Importer(815301076,1909f56bfc062723c751e8b465ee728b) Shader error in 'Unlit/MultiLight': syntax error: unexpected token ';' at Assets/Shaders/Lighting/IncLighting.cginc(19) (on d3d11)

Compiling Subshader: 0, Pass: <Unnamed Pass 0>, Vertex program with <no keywords>
Platform defines: SHADER_API_DESKTOP UNITY_COLORSPACE_GAMMA UNITY_ENABLE_DETAIL_NORMALMAP UNITY_ENABLE_REFLECTION_BUFFERS UNITY_LIGHTMAP_FULL_HDR UNITY_LIGHT_PROBE_PROXY_VOLUME UNITY_PBS_USE_BRDF1 UNITY_SPECCUBE_BLENDING UNITY_SPECCUBE_BOX_PROJECTION UNITY_USE_DITHER_MASK_FOR_ALPHABLENDED_SHADOWS
Disabled keywords: SHADER_API_GLES30 UNITY_ASTC_NORMALMAP_ENCODING UNITY_ENABLE_NATIVE_SHADOW_LOOKUPS UNITY_FRAMEBUFFER_FETCH_AVAILABLE UNITY_HALF_PRECISION_FRAGMENT_SHADER_REGISTERS UNITY_HARDWARE_TIER1 UNITY_HARDWARE_TIER2 UNITY_HARDWARE_TIER3 UNITY_LIGHTMAP_DLDR_ENCODING UNITY_LIGHTMAP_RGBM_ENCODING UNITY_METAL_SHADOWS_USE_POINT_FILTERING UNITY_NO_DXT5nm UNITY_NO_FULL_STANDARD_SHADER UNITY_NO_SCREENSPACE_SHADOWS UNITY_PBS_USE_BRDF2 UNITY_PBS_USE_BRDF3 UNITY_PRETRANSFORM_TO_DISPLAY_ORIENTATION UNITY_UNIFIED_SHADER_PRECISION_MODEL UNITY_VIRTUAL_TEXTURING
Shader error in 'Unlit/MultiLight': syntax error: unexpected token ';' at Assets/Shaders/Lighting/IncLighting.cginc(19) (on d3d11)

Compiling Subshader: 0, Pass: <Unnamed Pass 0>, Vertex program with <no keywords>
Platform defines: SHADER_API_DESKTOP UNITY_COLORSPACE_GAMMA UNITY_ENABLE_DETAIL_NORMALMAP UNITY_ENABLE_REFLECTION_BUFFERS UNITY_LIGHTMAP_FULL_HDR UNITY_LIGHT_PROBE_PROXY_VOLUME UNITY_PBS_USE_BRDF1 UNITY_SPECCUBE_BLENDING UNITY_SPECCUBE_BOX_PROJECTION UNITY_USE_DITHER_MASK_FOR_ALPHABLENDED_SHADOWS
Disabled keywords: SHADER_API_GLES30 UNITY_ASTC_NORMALMAP_ENCODING UNITY_ENABLE_NATIVE_SHADOW_LOOKUPS UNITY_FRAMEBUFFER_FETCH_AVAILABLE UNITY_HALF_PRECISION_FRAGMENT_SHADER_REGISTERS UNITY_HARDWARE_TIER1 UNITY_HARDWARE_TIER2 UNITY_HARDWARE_TIER3 UNITY_LIGHTMAP_DLDR_ENCODING UNITY_LIGHTMAP_RGBM_ENCODING UNITY_METAL_SHADOWS_USE_POINT_FILTERING UNITY_NO_DXT5nm UNITY_NO_FULL_STANDARD_SHADER UNITY_NO_SCREENSPACE_SHADOWS UNITY_PBS_USE_BRDF2 UNITY_PBS_USE_BRDF3 UNITY_PRETRANSFORM_TO_DISPLAY_ORIENTATION UNITY_UNIFIED_SHADER_PRECISION_MODEL UNITY_VIRTUAL_TEXTURING
Shader error in 'Unlit/MultiLight': syntax error: unexpected token ';' at Assets/Shaders/Lighting/IncLighting.cginc(19) (on d3d11)

Compiling Subshader: 0, Pass: <Unnamed Pass 0>, Vertex program with <no keywords>
Platform defines: SHADER_API_DESKTOP UNITY_COLORSPACE_GAMMA UNITY_ENABLE_DETAIL_NORMALMAP UNITY_ENABLE_REFLECTION_BUFFERS UNITY_LIGHTMAP_FULL_HDR UNITY_LIGHT_PROBE_PROXY_VOLUME UNITY_PBS_USE_BRDF1 UNITY_SPECCUBE_BLENDING UNITY_SPECCUBE_BOX_PROJECTION UNITY_USE_DITHER_MASK_FOR_ALPHABLENDED_SHADOWS
Disabled keywords: SHADER_API_GLES30 UNITY_ASTC_NORMALMAP_ENCODING UNITY_ENABLE_NATIVE_SHADOW_LOOKUPS UNITY_FRAMEBUFFER_FETCH_AVAILABLE UNITY_HALF_PRECISION_FRAGMENT_SHADER_REGISTERS UNITY_HARDWARE_TIER1 UNITY_HARDWARE_TIER2 UNITY_HARDWARE_TIER3 UNITY_LIGHTMAP_DLDR_ENCODING UNITY_LIGHTMAP_RGBM_ENCODING UNITY_METAL_SHADOWS_USE_POINT_FILTERING UNITY_NO_DXT5nm UNITY_NO_FULL_STANDARD_SHADER UNITY_NO_SCREENSPACE_SHADOWS UNITY_PBS_USE_BRDF2 UNITY_PBS_USE_BRDF3 UNITY_PRETRANSFORM_TO_DISPLAY_ORIENTATION UNITY_UNIFIED_SHADER_PRECISION_MODEL UNITY_VIRTUAL_TEXTURING
Shader error in 'Unlit/MultiLight': syntax error: unexpected token ';' at Assets/Shaders/Lighting/IncLighting.cginc(19) (on d3d11)

Compiling Subshader: 0, Pass: <Unnamed Pass 0>, Vertex program with <no keywords>
Platform defines: SHADER_API_DESKTOP UNITY_COLORSPACE_GAMMA UNITY_ENABLE_DETAIL_NORMALMAP UNITY_ENABLE_REFLECTION_BUFFERS UNITY_LIGHTMAP_FULL_HDR UNITY_LIGHT_PROBE_PROXY_VOLUME UNITY_PBS_USE_BRDF1 UNITY_SPECCUBE_BLENDING UNITY_SPECCUBE_BOX_PROJECTION UNITY_USE_DITHER_MASK_FOR_ALPHABLENDED_SHADOWS
Disabled keywords: SHADER_API_GLES30 UNITY_ASTC_NORMALMAP_ENCODING UNITY_ENABLE_NATIVE_SHADOW_LOOKUPS UNITY_FRAMEBUFFER_FETCH_AVAILABLE UNITY_HALF_PRECISION_FRAGMENT_SHADER_REGISTERS UNITY_HARDWARE_TIER1 UNITY_HARDWARE_TIER2 UNITY_HARDWARE_TIER3 UNITY_LIGHTMAP_DLDR_ENCODING UNITY_LIGHTMAP_RGBM_ENCODING UNITY_METAL_SHADOWS_USE_POINT_FILTERING UNITY_NO_DXT5nm UNITY_NO_FULL_STANDARD_SHADER UNITY_NO_SCREENSPACE_SHADOWS UNITY_PBS_USE_BRDF2 UNITY_PBS_USE_BRDF3 UNITY_PRETRANSFORM_TO_DISPLAY_ORIENTATION UNITY_UNIFIED_SHADER_PRECISION_MODEL UNITY_VIRTUAL_TEXTURING
 -> (artifact id: '3a49dab85390d6a4456e82a7547d0540') in 0.079452 seconds 
========================================================================
Received Import Request.
  Time since last request: 12.848371 seconds.
  path: Assets/Shaders/Lighting/MultiLight.shader
  artifactKey: Guid(c884cf01e3d03254e8e47c3d62fb3987) Importer(815301076,1909f56bfc062723c751e8b465ee728b)
Start importing Assets/Shaders/Lighting/MultiLight.shader using Guid(c884cf01e3d03254e8e47c3d62fb3987) Importer(815301076,1909f56bfc062723c751e8b465ee728b)  -> (artifact id: '6c140370a8decc6af16f6240d91c19df') in 0.004104 seconds 
========================================================================
Received Import Request.
  Time since last request: 0.000021 seconds.
  path: Assets/Shaders/Lighting/IncLighting.cginc
  artifactKey: Guid(077f86836a8f41940b5e1a8f8496db14) Importer(815301076,1909f56bfc062723c751e8b465ee728b)
Start importing Assets/Shaders/Lighting/IncLighting.cginc using Guid(077f86836a8f41940b5e1a8f8496db14) Importer(815301076,1909f56bfc062723c751e8b465ee728b)  -> (artifact id: '92540cf86d19df9510de12f959d485dd') in 0.039773 seconds 
========================================================================
Received Import Request.
  Time since last request: 0.000037 seconds.
  path: Assets/Shaders/Lighting/MultiLight.mat
  artifactKey: Guid(591258a44b1d65a4d99a5c0a1cb40236) Importer(815301076,1909f56bfc062723c751e8b465ee728b)
Start importing Assets/Shaders/Lighting/MultiLight.mat using Guid(591258a44b1d65a4d99a5c0a1cb40236) Importer(815301076,1909f56bfc062723c751e8b465ee728b)  -> (artifact id: 'ea93990e276a0a2e3a33c3f146ff5460') in 0.161317 seconds 
========================================================================
Received Import Request.
  Time since last request: 206.888613 seconds.
  path: Assets/Shaders/Lighting/MultiLight.shader
  artifactKey: Guid(c884cf01e3d03254e8e47c3d62fb3987) Importer(815301076,1909f56bfc062723c751e8b465ee728b)
Start importing Assets/Shaders/Lighting/MultiLight.shader using Guid(c884cf01e3d03254e8e47c3d62fb3987) Importer(815301076,1909f56bfc062723c751e8b465ee728b)  -> (artifact id: '2876ea3ba8b545c3537b4806ba9f4399') in 0.028022 seconds 
========================================================================
Received Import Request.
  Time since last request: 0.000026 seconds.
  path: Assets/Shaders/Lighting/MultiLight.mat
  artifactKey: Guid(591258a44b1d65a4d99a5c0a1cb40236) Importer(815301076,1909f56bfc062723c751e8b465ee728b)
Start importing Assets/Shaders/Lighting/MultiLight.mat using Guid(591258a44b1d65a4d99a5c0a1cb40236) Importer(815301076,1909f56bfc062723c751e8b465ee728b)  -> (artifact id: '13a63b7e0980f999f8f93c9af13be364') in 0.174982 seconds 
========================================================================
Received Import Request.
  Time since last request: 63.614480 seconds.
  path: Assets/Shaders/Lighting/MultiLight.mat
  artifactKey: Guid(591258a44b1d65a4d99a5c0a1cb40236) Importer(815301076,1909f56bfc062723c751e8b465ee728b)
Start importing Assets/Shaders/Lighting/MultiLight.mat using Guid(591258a44b1d65a4d99a5c0a1cb40236) Importer(815301076,1909f56bfc062723c751e8b465ee728b)  -> (artifact id: 'fef10e436359348e3383c35391e52625') in 0.045639 seconds 
========================================================================
Received Import Request.
  Time since last request: 41.674030 seconds.
  path: Assets/Shaders/Lighting/MultiLight.mat
  artifactKey: Guid(591258a44b1d65a4d99a5c0a1cb40236) Importer(815301076,1909f56bfc062723c751e8b465ee728b)
Start importing Assets/Shaders/Lighting/MultiLight.mat using Guid(591258a44b1d65a4d99a5c0a1cb40236) Importer(815301076,1909f56bfc062723c751e8b465ee728b)  -> (artifact id: '4ad33dc7f43387be2c822517ba0a10b4') in 0.136147 seconds 
========================================================================
Received Import Request.
  Time since last request: 3.562778 seconds.
  path: Assets/Shaders/Lighting/MultiLight.mat
  artifactKey: Guid(591258a44b1d65a4d99a5c0a1cb40236) Importer(815301076,1909f56bfc062723c751e8b465ee728b)
Start importing Assets/Shaders/Lighting/MultiLight.mat using Guid(591258a44b1d65a4d99a5c0a1cb40236) Importer(815301076,1909f56bfc062723c751e8b465ee728b)  -> (artifact id: '384ba0727eff39cd61a3cdc5a3892859') in 0.062427 seconds 
========================================================================
Received Import Request.
  Time since last request: 265.795682 seconds.
  path: Assets/Shaders/Lighting/IncLighting.cginc
  artifactKey: Guid(077f86836a8f41940b5e1a8f8496db14) Importer(815301076,1909f56bfc062723c751e8b465ee728b)
Start importing Assets/Shaders/Lighting/IncLighting.cginc using Guid(077f86836a8f41940b5e1a8f8496db14) Importer(815301076,1909f56bfc062723c751e8b465ee728b)  -> (artifact id: '99e1b00634cc77333b40b7390dae0543') in 0.007372 seconds 
========================================================================
Received Import Request.
  Time since last request: 0.000027 seconds.
  path: Assets/Shaders/Lighting/MultiLight.mat
  artifactKey: Guid(591258a44b1d65a4d99a5c0a1cb40236) Importer(815301076,1909f56bfc062723c751e8b465ee728b)
Start importing Assets/Shaders/Lighting/MultiLight.mat using Guid(591258a44b1d65a4d99a5c0a1cb40236) Importer(815301076,1909f56bfc062723c751e8b465ee728b)  -> (artifact id: 'b7b02baa07f105646c93bea2c979070c') in 0.146440 seconds 
========================================================================
Received Import Request.
  Time since last request: 63.714473 seconds.
  path: Assets/Shaders/Lighting/IncLighting.cginc
  artifactKey: Guid(077f86836a8f41940b5e1a8f8496db14) Importer(815301076,1909f56bfc062723c751e8b465ee728b)
Start importing Assets/Shaders/Lighting/IncLighting.cginc using Guid(077f86836a8f41940b5e1a8f8496db14) Importer(815301076,1909f56bfc062723c751e8b465ee728b)  -> (artifact id: '4fcb13603f558457f3c017ebcff73a33') in 0.004129 seconds 
========================================================================
Received Import Request.
  Time since last request: 0.000021 seconds.
  path: Assets/Shaders/Lighting/MultiLight.mat
  artifactKey: Guid(591258a44b1d65a4d99a5c0a1cb40236) Importer(815301076,1909f56bfc062723c751e8b465ee728b)
Start importing Assets/Shaders/Lighting/MultiLight.mat using Guid(591258a44b1d65a4d99a5c0a1cb40236) Importer(815301076,1909f56bfc062723c751e8b465ee728b)  -> (artifact id: '466de8bac3ae942f1de1b972531f3cdf') in 0.184413 seconds 
========================================================================
Received Import Request.
  Time since last request: 488.104855 seconds.
  path: Assets/Shaders/Lighting/MultiLight.mat
  artifactKey: Guid(591258a44b1d65a4d99a5c0a1cb40236) Importer(815301076,1909f56bfc062723c751e8b465ee728b)
Start importing Assets/Shaders/Lighting/MultiLight.mat using Guid(591258a44b1d65a4d99a5c0a1cb40236) Importer(815301076,1909f56bfc062723c751e8b465ee728b) Shader error in 'Unlit/MultiLight': invalid preprocessor command 'IS_IN_BASE_PASS' at line 18 (on d3d11)

Compiling Subshader: 0, Pass: <Unnamed Pass 0>, Vertex program with <no keywords>
Platform defines: SHADER_API_DESKTOP UNITY_COLORSPACE_GAMMA UNITY_ENABLE_DETAIL_NORMALMAP UNITY_ENABLE_REFLECTION_BUFFERS UNITY_LIGHTMAP_FULL_HDR UNITY_LIGHT_PROBE_PROXY_VOLUME UNITY_PASS_FORWARDBASE UNITY_PBS_USE_BRDF1 UNITY_SPECCUBE_BLENDING UNITY_SPECCUBE_BOX_PROJECTION UNITY_USE_DITHER_MASK_FOR_ALPHABLENDED_SHADOWS
Disabled keywords: SHADER_API_GLES30 UNITY_ASTC_NORMALMAP_ENCODING UNITY_ENABLE_NATIVE_SHADOW_LOOKUPS UNITY_FRAMEBUFFER_FETCH_AVAILABLE UNITY_HALF_PRECISION_FRAGMENT_SHADER_REGISTERS UNITY_HARDWARE_TIER1 UNITY_HARDWARE_TIER2 UNITY_HARDWARE_TIER3 UNITY_LIGHTMAP_DLDR_ENCODING UNITY_LIGHTMAP_RGBM_ENCODING UNITY_METAL_SHADOWS_USE_POINT_FILTERING UNITY_NO_DXT5nm UNITY_NO_FULL_STANDARD_SHADER UNITY_NO_SCREENSPACE_SHADOWS UNITY_PBS_USE_BRDF2 UNITY_PBS_USE_BRDF3 UNITY_PRETRANSFORM_TO_DISPLAY_ORIENTATION UNITY_UNIFIED_SHADER_PRECISION_MODEL UNITY_VIRTUAL_TEXTURING
Shader error in 'Unlit/MultiLight': invalid preprocessor command 'IS_IN_BASE_PASS' at line 18 (on d3d11)

Compiling Subshader: 0, Pass: <Unnamed Pass 0>, Vertex program with <no keywords>
Platform defines: SHADER_API_DESKTOP UNITY_COLORSPACE_GAMMA UNITY_ENABLE_DETAIL_NORMALMAP UNITY_ENABLE_REFLECTION_BUFFERS UNITY_LIGHTMAP_FULL_HDR UNITY_LIGHT_PROBE_PROXY_VOLUME UNITY_PASS_FORWARDBASE UNITY_PBS_USE_BRDF1 UNITY_SPECCUBE_BLENDING UNITY_SPECCUBE_BOX_PROJECTION UNITY_USE_DITHER_MASK_FOR_ALPHABLENDED_SHADOWS
Disabled keywords: SHADER_API_GLES30 UNITY_ASTC_NORMALMAP_ENCODING UNITY_ENABLE_NATIVE_SHADOW_LOOKUPS UNITY_FRAMEBUFFER_FETCH_AVAILABLE UNITY_HALF_PRECISION_FRAGMENT_SHADER_REGISTERS UNITY_HARDWARE_TIER1 UNITY_HARDWARE_TIER2 UNITY_HARDWARE_TIER3 UNITY_LIGHTMAP_DLDR_ENCODING UNITY_LIGHTMAP_RGBM_ENCODING UNITY_METAL_SHADOWS_USE_POINT_FILTERING UNITY_NO_DXT5nm UNITY_NO_FULL_STANDARD_SHADER UNITY_NO_SCREENSPACE_SHADOWS UNITY_PBS_USE_BRDF2 UNITY_PBS_USE_BRDF3 UNITY_PRETRANSFORM_TO_DISPLAY_ORIENTATION UNITY_UNIFIED_SHADER_PRECISION_MODEL UNITY_VIRTUAL_TEXTURING
 -> (artifact id: '49d03390bdae2d6ffb0229f834b799d5') in 0.193752 seconds 
========================================================================
Received Import Request.
  Time since last request: 6.502121 seconds.
  path: Assets/Shaders/Lighting/MultiLight.mat
  artifactKey: Guid(591258a44b1d65a4d99a5c0a1cb40236) Importer(815301076,1909f56bfc062723c751e8b465ee728b)
Start importing Assets/Shaders/Lighting/MultiLight.mat using Guid(591258a44b1d65a4d99a5c0a1cb40236) Importer(815301076,1909f56bfc062723c751e8b465ee728b)  -> (artifact id: '8968aec255d6ccf05d5c685d7cb7cda9') in 0.168940 seconds 
========================================================================
Received Import Request.
  Time since last request: 1.169720 seconds.
  path: Assets/Shaders/Lighting/MultiLight.mat
  artifactKey: Guid(591258a44b1d65a4d99a5c0a1cb40236) Importer(815301076,1909f56bfc062723c751e8b465ee728b)
Start importing Assets/Shaders/Lighting/MultiLight.mat using Guid(591258a44b1d65a4d99a5c0a1cb40236) Importer(815301076,1909f56bfc062723c751e8b465ee728b)  -> (artifact id: '17727a7e7686841714842c675e947405') in 0.172080 seconds 
========================================================================
Received Import Request.
  Time since last request: 12.789845 seconds.
  path: Assets/Shaders/Lighting/MultiLight.mat
  artifactKey: Guid(591258a44b1d65a4d99a5c0a1cb40236) Importer(815301076,1909f56bfc062723c751e8b465ee728b)
Start importing Assets/Shaders/Lighting/MultiLight.mat using Guid(591258a44b1d65a4d99a5c0a1cb40236) Importer(815301076,1909f56bfc062723c751e8b465ee728b)  -> (artifact id: 'b78a446fc5b1955a1473432ecd1614ba') in 0.200963 seconds 
========================================================================
Received Import Request.
  Time since last request: 27.064011 seconds.
  path: Assets/Shaders/Lighting/MultiLight.mat
  artifactKey: Guid(591258a44b1d65a4d99a5c0a1cb40236) Importer(815301076,1909f56bfc062723c751e8b465ee728b)
Start importing Assets/Shaders/Lighting/MultiLight.mat using Guid(591258a44b1d65a4d99a5c0a1cb40236) Importer(815301076,1909f56bfc062723c751e8b465ee728b)  -> (artifact id: 'bba94bb5da678a4d9aec1cc95aa0c901') in 0.149908 seconds 
========================================================================
Received Import Request.
  Time since last request: 107.971206 seconds.
  path: Assets/Shaders/Lighting/IncLighting.cginc
  artifactKey: Guid(077f86836a8f41940b5e1a8f8496db14) Importer(815301076,1909f56bfc062723c751e8b465ee728b)
Start importing Assets/Shaders/Lighting/IncLighting.cginc using Guid(077f86836a8f41940b5e1a8f8496db14) Importer(815301076,1909f56bfc062723c751e8b465ee728b)  -> (artifact id: '5394f5db4f3a9bba450a193bc6cc81ab') in 0.003985 seconds 
========================================================================
Received Import Request.
  Time since last request: 0.000134 seconds.
  path: Assets/Shaders/Lighting/MultiLight.mat
  artifactKey: Guid(591258a44b1d65a4d99a5c0a1cb40236) Importer(815301076,1909f56bfc062723c751e8b465ee728b)
Start importing Assets/Shaders/Lighting/MultiLight.mat using Guid(591258a44b1d65a4d99a5c0a1cb40236) Importer(815301076,1909f56bfc062723c751e8b465ee728b)  -> (artifact id: 'afc69957099639359307b2b410e6b808') in 0.192109 seconds 
========================================================================
Received Import Request.
  Time since last request: 97.805009 seconds.
  path: Assets/Shaders/Lighting/MultiLight.mat
  artifactKey: Guid(591258a44b1d65a4d99a5c0a1cb40236) Importer(815301076,1909f56bfc062723c751e8b465ee728b)
Start importing Assets/Shaders/Lighting/MultiLight.mat using Guid(591258a44b1d65a4d99a5c0a1cb40236) Importer(815301076,1909f56bfc062723c751e8b465ee728b)  -> (artifact id: '1d14d3af06034b0ed226c11cf9b10fe3') in 0.184443 seconds 
