Using pre-set license
Built from '2021.3/staging' branch; Version is '2021.3.8f1 (b30333d56e81) revision 11731763'; Using compiler version '192829333'; Build Type 'Release'
OS: 'Windows 10  (10.0.19042) 64bit Enterprise' Language: 'en' Physical Memory: 16304 MB
BatchMode: 1, IsHumanControllingUs: 0, StartBugReporterOnCrash: 0, Is64bit: 1, IsPro: 1

COMMAND LINE ARGUMENTS:
C:\Program Files\Unity 2021.3.8f1\Editor\Unity.exe
-adb2
-batchMode
-noUpm
-name
AssetImportWorker0
-projectPath
C:/Users/acapela/Documents/GitHub/Shaders2022.2
-logFile
Logs/AssetImportWorker0.log
-srvPort
56263
Successfully changed project path to: C:/Users/acapela/Documents/GitHub/Shaders2022.2
C:/Users/acapela/Documents/GitHub/Shaders2022.2
[UnityMemory] Configuration Parameters - Can be set up in boot.config
    "memorysetup-bucket-allocator-granularity=16"
    "memorysetup-bucket-allocator-bucket-count=8"
    "memorysetup-bucket-allocator-block-size=33554432"
    "memorysetup-bucket-allocator-block-count=8"
    "memorysetup-main-allocator-block-size=16777216"
    "memorysetup-thread-allocator-block-size=16777216"
    "memorysetup-gfx-main-allocator-block-size=16777216"
    "memorysetup-gfx-thread-allocator-block-size=16777216"
    "memorysetup-cache-allocator-block-size=4194304"
    "memorysetup-typetree-allocator-block-size=2097152"
    "memorysetup-profiler-bucket-allocator-granularity=16"
    "memorysetup-profiler-bucket-allocator-bucket-count=8"
    "memorysetup-profiler-bucket-allocator-block-size=33554432"
    "memorysetup-profiler-bucket-allocator-block-count=8"
    "memorysetup-profiler-allocator-block-size=16777216"
    "memorysetup-profiler-editor-allocator-block-size=1048576"
    "memorysetup-temp-allocator-size-main=16777216"
    "memorysetup-job-temp-allocator-block-size=2097152"
    "memorysetup-job-temp-allocator-block-size-background=1048576"
    "memorysetup-job-temp-allocator-reduction-small-platforms=262144"
    "memorysetup-temp-allocator-size-background-worker=32768"
    "memorysetup-temp-allocator-size-job-worker=262144"
    "memorysetup-temp-allocator-size-preload-manager=33554432"
    "memorysetup-temp-allocator-size-nav-mesh-worker=65536"
    "memorysetup-temp-allocator-size-audio-worker=65536"
    "memorysetup-temp-allocator-size-cloud-worker=32768"
    "memorysetup-temp-allocator-size-gi-baking-worker=262144"
    "memorysetup-temp-allocator-size-gfx=262144"
Refreshing native plugins compatible for Editor in 61.95 ms, found 2 plugins.
Preloading 0 native plugins for Editor in 0.00 ms.
Initialize engine version: 2021.3.8f1 (b30333d56e81)
[Subsystems] Discovering subsystems at path C:/Program Files/Unity 2021.3.8f1/Editor/Data/Resources/UnitySubsystems
[Subsystems] Discovering subsystems at path C:/Users/acapela/Documents/GitHub/Shaders2022.2/Assets
GfxDevice: creating device client; threaded=0; jobified=0
Direct3D:
    Version:  Direct3D 11.0 [level 11.0]
    Renderer: NVIDIA Quadro K2200  (ID=0x13ba)
    Vendor:   NVIDIA
    VRAM:     4035 MB
    Driver:   10.18.13.5362
Initialize mono
Mono path[0] = 'C:/Program Files/Unity 2021.3.8f1/Editor/Data/Managed'
Mono path[1] = 'C:/Program Files/Unity 2021.3.8f1/Editor/Data/MonoBleedingEdge/lib/mono/unityjit-win32'
Mono config path = 'C:/Program Files/Unity 2021.3.8f1/Editor/Data/MonoBleedingEdge/etc'
Using monoOptions --debugger-agent=transport=dt_socket,embedding=1,server=y,suspend=n,address=127.0.0.1:56840
Begin MonoManager ReloadAssembly
Registering precompiled unity dll's ...
Register platform support module: C:/Program Files/Unity 2021.3.8f1/Editor/Data/PlaybackEngines/AndroidPlayer/UnityEditor.Android.Extensions.dll
Register platform support module: C:/Program Files/Unity 2021.3.8f1/Editor/Data/PlaybackEngines/WindowsStandaloneSupport/UnityEditor.WindowsStandalone.Extensions.dll
Registered in 0.010103 seconds.
Native extension for WindowsStandalone target not found
Native extension for Android target not found
Refreshing native plugins compatible for Editor in 38.49 ms, found 2 plugins.
Preloading 0 native plugins for Editor in 0.00 ms.
Mono: successfully reloaded assembly
- Completed reload, in  0.857 seconds
Domain Reload Profiling:
	ReloadAssembly (857ms)
		BeginReloadAssembly (119ms)
			ExecutionOrderSort (0ms)
			DisableScriptedObjects (0ms)
			BackupInstance (0ms)
			ReleaseScriptingObjects (0ms)
			CreateAndSetChildDomain (1ms)
		EndReloadAssembly (554ms)
			LoadAssemblies (117ms)
			RebuildTransferFunctionScriptingTraits (0ms)
			SetupTypeCache (141ms)
			ReleaseScriptCaches (0ms)
			RebuildScriptCaches (35ms)
			SetupLoadedEditorAssemblies (316ms)
				LogAssemblyErrors (0ms)
				InitializePlatformSupportModulesInManaged (55ms)
				SetLoadedEditorAssemblies (0ms)
				RefreshPlugins (39ms)
				BeforeProcessingInitializeOnLoad (3ms)
				ProcessInitializeOnLoadAttributes (170ms)
				ProcessInitializeOnLoadMethodAttributes (50ms)
				AfterProcessingInitializeOnLoad (0ms)
				EditorAssembliesLoaded (0ms)
			ExecutionOrderSort2 (0ms)
			AwakeInstancesAfterBackupRestoration (0ms)
Platform modules already initialized, skipping
Registering precompiled user dll's ...
Registered in 0.005914 seconds.
Begin MonoManager ReloadAssembly
Native extension for WindowsStandalone target not found
Native extension for Android target not found
Refreshing native plugins compatible for Editor in 0.57 ms, found 2 plugins.
Preloading 0 native plugins for Editor in 0.00 ms.
Mono: successfully reloaded assembly
- Completed reload, in  1.111 seconds
Domain Reload Profiling:
	ReloadAssembly (1111ms)
		BeginReloadAssembly (136ms)
			ExecutionOrderSort (0ms)
			DisableScriptedObjects (6ms)
			BackupInstance (0ms)
			ReleaseScriptingObjects (0ms)
			CreateAndSetChildDomain (20ms)
		EndReloadAssembly (849ms)
			LoadAssemblies (99ms)
			RebuildTransferFunctionScriptingTraits (0ms)
			SetupTypeCache (213ms)
			ReleaseScriptCaches (0ms)
			RebuildScriptCaches (48ms)
			SetupLoadedEditorAssemblies (468ms)
				LogAssemblyErrors (0ms)
				InitializePlatformSupportModulesInManaged (14ms)
				SetLoadedEditorAssemblies (0ms)
				RefreshPlugins (1ms)
				BeforeProcessingInitializeOnLoad (71ms)
				ProcessInitializeOnLoadAttributes (341ms)
				ProcessInitializeOnLoadMethodAttributes (32ms)
				AfterProcessingInitializeOnLoad (8ms)
				EditorAssembliesLoaded (0ms)
			ExecutionOrderSort2 (0ms)
			AwakeInstancesAfterBackupRestoration (7ms)
Platform modules already initialized, skipping
========================================================================
Worker process is ready to serve import requests
Launched and connected shader compiler UnityShaderCompiler.exe after 0.10 seconds
Refreshing native plugins compatible for Editor in 0.46 ms, found 2 plugins.
Preloading 0 native plugins for Editor in 0.00 ms.
Unloading 2078 Unused Serialized files (Serialized files now loaded: 0)
Unloading 78 unused Assets / (104.0 KB). Loaded Objects now: 2543.
Memory consumption went from 89.5 MB to 89.4 MB.
Total: 3.846500 ms (FindLiveObjects: 0.180200 ms CreateObjectMapping: 0.100300 ms MarkObjects: 3.316000 ms  DeleteObjects: 0.249000 ms)

AssetImportParameters requested are different than current active one (requested -> active):
  custom:video-decoder-ogg-theora: a1e56fd34408186e4bbccfd4996cb3dc -> 
  custom:container-muxer-webm: aa71ff27fc2769a1b78a27578f13a17b -> 
  custom:container-demuxer-webm: 4f35f7cbe854078d1ac9338744f61a02 -> 
  custom:video-encoder-webm-vp8: eb34c28f22e8b96e1ab97ce403110664 -> 
  custom:audio-encoder-webm-vorbis: bf7c407c2cedff20999df2af8eb42d56 -> 
  custom:framework-win-MediaFoundation: 216162199b28c13a410421893ffa2e32 -> 
  custom:container-demuxer-ogg: 62fdf1f143b41e24485cea50d1cbac27 -> 
  custom:video-decoder-webm-vp8: 9c59270c3fd7afecdb556c50c9e8de78 -> 
  custom:audio-decoder-ogg-vorbis: bf7c407c2cedff20999df2af8eb42d56 -> 
========================================================================
Received Import Request.
  Time since last request: 132907.545586 seconds.
  path: Assets/Point Light.prefab
  artifactKey: Guid(d859e20f0519dcd44a893a04863e3dd8) Importer(815301076,1909f56bfc062723c751e8b465ee728b)
Start importing Assets/Point Light.prefab using Guid(d859e20f0519dcd44a893a04863e3dd8) Importer(815301076,1909f56bfc062723c751e8b465ee728b)  -> (artifact id: '63d6e7bdb577d22133428797e367f0ef') in 0.061555 seconds 
========================================================================
Received Import Request.
  Time since last request: 196.202073 seconds.
  path: Assets/Shaders
  artifactKey: Guid(46e979e4df6b40f448b316302311bc31) Importer(815301076,1909f56bfc062723c751e8b465ee728b)
Start importing Assets/Shaders using Guid(46e979e4df6b40f448b316302311bc31) Importer(815301076,1909f56bfc062723c751e8b465ee728b)  -> (artifact id: '55e801b9038a3d276ea24a779bb374aa') in 0.006629 seconds 
========================================================================
Received Import Request.
  Time since last request: 0.035273 seconds.
  path: Assets/Shaders/MyFirstMat.mat
  artifactKey: Guid(0e7653055f1c7d046abb8b93dfb0a10e) Importer(815301076,1909f56bfc062723c751e8b465ee728b)
Start importing Assets/Shaders/MyFirstMat.mat using Guid(0e7653055f1c7d046abb8b93dfb0a10e) Importer(815301076,1909f56bfc062723c751e8b465ee728b)  -> (artifact id: 'ee0980f53619f791f961cf18fd0015b6') in 0.114008 seconds 
========================================================================
Received Import Request.
  Time since last request: 3.180898 seconds.
  path: Assets/Shaders/MyFirstShader.shader
  artifactKey: Guid(1557d2562911567469301fb05d35742e) Importer(815301076,1909f56bfc062723c751e8b465ee728b)
Start importing Assets/Shaders/MyFirstShader.shader using Guid(1557d2562911567469301fb05d35742e) Importer(815301076,1909f56bfc062723c751e8b465ee728b)  -> (artifact id: '8a8fcee22c5e6519988282deb9d06d3f') in 0.008190 seconds 
========================================================================
Received Import Request.
  Time since last request: 291.192459 seconds.
  path: Assets/Shaders/MyFirstMat.mat
  artifactKey: Guid(0e7653055f1c7d046abb8b93dfb0a10e) Importer(815301076,1909f56bfc062723c751e8b465ee728b)
Start importing Assets/Shaders/MyFirstMat.mat using Guid(0e7653055f1c7d046abb8b93dfb0a10e) Importer(815301076,1909f56bfc062723c751e8b465ee728b)  -> (artifact id: '5db55e1a89b5330438ecbd8f13b0d2bc') in 0.040165 seconds 
========================================================================
Received Import Request.
  Time since last request: 25.500153 seconds.
  path: Assets/Shaders/MyFirstMat.mat
  artifactKey: Guid(0e7653055f1c7d046abb8b93dfb0a10e) Importer(815301076,1909f56bfc062723c751e8b465ee728b)
Start importing Assets/Shaders/MyFirstMat.mat using Guid(0e7653055f1c7d046abb8b93dfb0a10e) Importer(815301076,1909f56bfc062723c751e8b465ee728b)  -> (artifact id: '4f430dea5fe664561f4f27a50b34e77d') in 0.016523 seconds 
========================================================================
Received Import Request.
  Time since last request: 46.056636 seconds.
  path: Assets/Shaders/MyFirstMat.mat
  artifactKey: Guid(0e7653055f1c7d046abb8b93dfb0a10e) Importer(815301076,1909f56bfc062723c751e8b465ee728b)
Start importing Assets/Shaders/MyFirstMat.mat using Guid(0e7653055f1c7d046abb8b93dfb0a10e) Importer(815301076,1909f56bfc062723c751e8b465ee728b)  -> (artifact id: 'a06707e9f465e1b3e13c6576943d882d') in 0.020223 seconds 
========================================================================
Received Import Request.
  Time since last request: 14.364885 seconds.
  path: Assets/Shaders/MyFirstShader.shader
  artifactKey: Guid(1557d2562911567469301fb05d35742e) Importer(815301076,1909f56bfc062723c751e8b465ee728b)
Start importing Assets/Shaders/MyFirstShader.shader using Guid(1557d2562911567469301fb05d35742e) Importer(815301076,1909f56bfc062723c751e8b465ee728b)  -> (artifact id: '9e53e48e3077e72fc49533c9d1d876f9') in 0.011301 seconds 
========================================================================
Received Import Request.
  Time since last request: 239.105518 seconds.
  path: Assets/Shaders/MyFirstMat.mat
  artifactKey: Guid(0e7653055f1c7d046abb8b93dfb0a10e) Importer(815301076,1909f56bfc062723c751e8b465ee728b)
Start importing Assets/Shaders/MyFirstMat.mat using Guid(0e7653055f1c7d046abb8b93dfb0a10e) Importer(815301076,1909f56bfc062723c751e8b465ee728b)  -> (artifact id: '719899240972ce2dd3bb8df7e37154c2') in 0.023036 seconds 
========================================================================
Received Import Request.
  Time since last request: 1243.283470 seconds.
  path: Assets/Shaders/MyFirstMat.mat
  artifactKey: Guid(0e7653055f1c7d046abb8b93dfb0a10e) Importer(815301076,1909f56bfc062723c751e8b465ee728b)
Start importing Assets/Shaders/MyFirstMat.mat using Guid(0e7653055f1c7d046abb8b93dfb0a10e) Importer(815301076,1909f56bfc062723c751e8b465ee728b)  -> (artifact id: '81ecf7f37a789f648ad6641744b958fa') in 0.073274 seconds 
========================================================================
Received Import Request.
  Time since last request: 71.877881 seconds.
  path: Assets/Shaders/MyFirstMat.mat
  artifactKey: Guid(0e7653055f1c7d046abb8b93dfb0a10e) Importer(815301076,1909f56bfc062723c751e8b465ee728b)
Start importing Assets/Shaders/MyFirstMat.mat using Guid(0e7653055f1c7d046abb8b93dfb0a10e) Importer(815301076,1909f56bfc062723c751e8b465ee728b)  -> (artifact id: 'd79fa297c0b32f930e9246dd1d8841dc') in 0.026941 seconds 
========================================================================
Received Import Request.
  Time since last request: 295.528598 seconds.
  path: Assets/Shaders/New Material.mat
  artifactKey: Guid(607b1dd5126367846ac1e61f557a3bdc) Importer(815301076,1909f56bfc062723c751e8b465ee728b)
Start importing Assets/Shaders/New Material.mat using Guid(607b1dd5126367846ac1e61f557a3bdc) Importer(815301076,1909f56bfc062723c751e8b465ee728b)  -> (artifact id: 'fc33e995befb41c17f0446cf48f31d2b') in 0.367896 seconds 
========================================================================
Received Import Request.
  Time since last request: 1292.820328 seconds.
  path: Assets/Shaders/MyFirstMat.mat
  artifactKey: Guid(0e7653055f1c7d046abb8b93dfb0a10e) Importer(815301076,1909f56bfc062723c751e8b465ee728b)
Start importing Assets/Shaders/MyFirstMat.mat using Guid(0e7653055f1c7d046abb8b93dfb0a10e) Importer(815301076,1909f56bfc062723c751e8b465ee728b)  -> (artifact id: '26669c3d979c8b59fc0273a4a58e197c') in 0.024221 seconds 
========================================================================
Received Import Request.
  Time since last request: 0.000050 seconds.
  path: Assets/Shaders/New Material.mat
  artifactKey: Guid(607b1dd5126367846ac1e61f557a3bdc) Importer(815301076,1909f56bfc062723c751e8b465ee728b)
Start importing Assets/Shaders/New Material.mat using Guid(607b1dd5126367846ac1e61f557a3bdc) Importer(815301076,1909f56bfc062723c751e8b465ee728b)  -> (artifact id: 'c36a4809c6c53de06c12068b87ce337e') in 0.020204 seconds 
========================================================================
Received Import Request.
  Time since last request: 766.848909 seconds.
  path: Assets/Shaders/MyFirstMat.mat
  artifactKey: Guid(0e7653055f1c7d046abb8b93dfb0a10e) Importer(815301076,1909f56bfc062723c751e8b465ee728b)
Start importing Assets/Shaders/MyFirstMat.mat using Guid(0e7653055f1c7d046abb8b93dfb0a10e) Importer(815301076,1909f56bfc062723c751e8b465ee728b)  -> (artifact id: 'ba6bf2ec54c41a9ff5dedf494389da6a') in 0.043483 seconds 
========================================================================
Received Import Request.
  Time since last request: 178.476196 seconds.
  path: Assets/Scenes
  artifactKey: Guid(84d4999d7b0d0134ea3cbcabe6bc36b7) Importer(815301076,1909f56bfc062723c751e8b465ee728b)
Start importing Assets/Scenes using Guid(84d4999d7b0d0134ea3cbcabe6bc36b7) Importer(815301076,1909f56bfc062723c751e8b465ee728b)  -> (artifact id: 'cb7e76d90f8d40bf5677ca483fa7fb86') in 0.013102 seconds 
========================================================================
Received Import Request.
  Time since last request: 18.836280 seconds.
  path: Assets/Shaders/HealthBar.cs
  artifactKey: Guid(960fc84d937b59a41952068690f75435) Importer(815301076,1909f56bfc062723c751e8b465ee728b)
Start importing Assets/Shaders/HealthBar.cs using Guid(960fc84d937b59a41952068690f75435) Importer(815301076,1909f56bfc062723c751e8b465ee728b)  -> (artifact id: '054e14b032398f2416c061f0df7e31f7') in 0.120259 seconds 
========================================================================
Received Prepare
Registering precompiled user dll's ...
Registered in 0.004294 seconds.
Begin MonoManager ReloadAssembly
Native extension for WindowsStandalone target not found
Native extension for Android target not found
Refreshing native plugins compatible for Editor in 0.71 ms, found 2 plugins.
Preloading 0 native plugins for Editor in 0.00 ms.
Warning: Annotation not found!
UnityEngine.StackTraceUtility:ExtractStackTrace ()
UnityEditor.ProBuilder.EditorUtility:SetGizmoIconEnabled (System.Type,bool) (at Library/PackageCache/com.unity.probuilder@5.0.3/Editor/EditorCore/EditorUtility.cs:575)
UnityEditor.ProBuilder.HierarchyListener:.cctor () (at Library/PackageCache/com.unity.probuilder@5.0.3/Editor/EditorCore/HierarchyListener.cs:21)
System.Runtime.CompilerServices.RuntimeHelpers:RunClassConstructor (System.RuntimeTypeHandle)
UnityEditor.EditorAssemblies:ProcessInitializeOnLoadAttributes (System.Type[])

[Library/PackageCache/com.unity.probuilder@5.0.3/Editor/EditorCore/EditorUtility.cs line 575]

Mono: successfully reloaded assembly
- Completed reload, in  1.156 seconds
Domain Reload Profiling:
	ReloadAssembly (1157ms)
		BeginReloadAssembly (266ms)
			ExecutionOrderSort (0ms)
			DisableScriptedObjects (13ms)
			BackupInstance (0ms)
			ReleaseScriptingObjects (0ms)
			CreateAndSetChildDomain (86ms)
		EndReloadAssembly (780ms)
			LoadAssemblies (111ms)
			RebuildTransferFunctionScriptingTraits (0ms)
			SetupTypeCache (226ms)
			ReleaseScriptCaches (1ms)
			RebuildScriptCaches (42ms)
			SetupLoadedEditorAssemblies (392ms)
				LogAssemblyErrors (0ms)
				InitializePlatformSupportModulesInManaged (22ms)
				SetLoadedEditorAssemblies (1ms)
				RefreshPlugins (1ms)
				BeforeProcessingInitializeOnLoad (65ms)
				ProcessInitializeOnLoadAttributes (264ms)
				ProcessInitializeOnLoadMethodAttributes (31ms)
				AfterProcessingInitializeOnLoad (8ms)
				EditorAssembliesLoaded (0ms)
			ExecutionOrderSort2 (0ms)
			AwakeInstancesAfterBackupRestoration (7ms)
Platform modules already initialized, skipping
Refreshing native plugins compatible for Editor in 1.46 ms, found 2 plugins.
Preloading 0 native plugins for Editor in 0.00 ms.
Unloading 2047 Unused Serialized files (Serialized files now loaded: 0)
Unloading 13 unused Assets / (86.0 KB). Loaded Objects now: 2587.
Memory consumption went from 90.9 MB to 90.8 MB.
Total: 5.826500 ms (FindLiveObjects: 0.195900 ms CreateObjectMapping: 0.075300 ms MarkObjects: 5.353300 ms  DeleteObjects: 0.200800 ms)

AssetImportParameters requested are different than current active one (requested -> active):
  custom:video-decoder-ogg-theora: a1e56fd34408186e4bbccfd4996cb3dc -> 
  custom:container-muxer-webm: aa71ff27fc2769a1b78a27578f13a17b -> 
  custom:container-demuxer-webm: 4f35f7cbe854078d1ac9338744f61a02 -> 
  custom:video-encoder-webm-vp8: eb34c28f22e8b96e1ab97ce403110664 -> 
  custom:audio-encoder-webm-vorbis: bf7c407c2cedff20999df2af8eb42d56 -> 
  custom:framework-win-MediaFoundation: 216162199b28c13a410421893ffa2e32 -> 
  custom:container-demuxer-ogg: 62fdf1f143b41e24485cea50d1cbac27 -> 
  custom:video-decoder-webm-vp8: 9c59270c3fd7afecdb556c50c9e8de78 -> 
  custom:audio-decoder-ogg-vorbis: bf7c407c2cedff20999df2af8eb42d56 -> 
========================================================================
Received Prepare
Registering precompiled user dll's ...
Registered in 0.004243 seconds.
Begin MonoManager ReloadAssembly
Native extension for WindowsStandalone target not found
Native extension for Android target not found
Refreshing native plugins compatible for Editor in 0.47 ms, found 2 plugins.
Preloading 0 native plugins for Editor in 0.00 ms.
Warning: Annotation not found!
UnityEngine.StackTraceUtility:ExtractStackTrace ()
UnityEditor.ProBuilder.EditorUtility:SetGizmoIconEnabled (System.Type,bool) (at Library/PackageCache/com.unity.probuilder@5.0.3/Editor/EditorCore/EditorUtility.cs:575)
UnityEditor.ProBuilder.HierarchyListener:.cctor () (at Library/PackageCache/com.unity.probuilder@5.0.3/Editor/EditorCore/HierarchyListener.cs:21)
System.Runtime.CompilerServices.RuntimeHelpers:RunClassConstructor (System.RuntimeTypeHandle)
UnityEditor.EditorAssemblies:ProcessInitializeOnLoadAttributes (System.Type[])

[Library/PackageCache/com.unity.probuilder@5.0.3/Editor/EditorCore/EditorUtility.cs line 575]

Mono: successfully reloaded assembly
- Completed reload, in  1.117 seconds
Domain Reload Profiling:
	ReloadAssembly (1118ms)
		BeginReloadAssembly (139ms)
			ExecutionOrderSort (0ms)
			DisableScriptedObjects (6ms)
			BackupInstance (0ms)
			ReleaseScriptingObjects (0ms)
			CreateAndSetChildDomain (31ms)
		EndReloadAssembly (858ms)
			LoadAssemblies (84ms)
			RebuildTransferFunctionScriptingTraits (0ms)
			SetupTypeCache (302ms)
			ReleaseScriptCaches (1ms)
			RebuildScriptCaches (38ms)
			SetupLoadedEditorAssemblies (398ms)
				LogAssemblyErrors (0ms)
				InitializePlatformSupportModulesInManaged (21ms)
				SetLoadedEditorAssemblies (0ms)
				RefreshPlugins (1ms)
				BeforeProcessingInitializeOnLoad (94ms)
				ProcessInitializeOnLoadAttributes (240ms)
				ProcessInitializeOnLoadMethodAttributes (34ms)
				AfterProcessingInitializeOnLoad (8ms)
				EditorAssembliesLoaded (0ms)
			ExecutionOrderSort2 (0ms)
			AwakeInstancesAfterBackupRestoration (7ms)
Platform modules already initialized, skipping
Refreshing native plugins compatible for Editor in 1.49 ms, found 2 plugins.
Preloading 0 native plugins for Editor in 0.00 ms.
Unloading 2046 Unused Serialized files (Serialized files now loaded: 0)
Unloading 14 unused Assets / (78.5 KB). Loaded Objects now: 2589.
Memory consumption went from 90.9 MB to 90.8 MB.
Total: 3.654600 ms (FindLiveObjects: 0.157000 ms CreateObjectMapping: 0.067300 ms MarkObjects: 3.318400 ms  DeleteObjects: 0.111100 ms)

AssetImportParameters requested are different than current active one (requested -> active):
  custom:video-decoder-ogg-theora: a1e56fd34408186e4bbccfd4996cb3dc -> 
  custom:container-muxer-webm: aa71ff27fc2769a1b78a27578f13a17b -> 
  custom:container-demuxer-webm: 4f35f7cbe854078d1ac9338744f61a02 -> 
  custom:video-encoder-webm-vp8: eb34c28f22e8b96e1ab97ce403110664 -> 
  custom:audio-encoder-webm-vorbis: bf7c407c2cedff20999df2af8eb42d56 -> 
  custom:framework-win-MediaFoundation: 216162199b28c13a410421893ffa2e32 -> 
  custom:container-demuxer-ogg: 62fdf1f143b41e24485cea50d1cbac27 -> 
  custom:video-decoder-webm-vp8: 9c59270c3fd7afecdb556c50c9e8de78 -> 
  custom:audio-decoder-ogg-vorbis: bf7c407c2cedff20999df2af8eb42d56 -> 
========================================================================
Received Import Request.
  Time since last request: 79.366736 seconds.
  path: Assets/Shaders/HealthBar.shader
  artifactKey: Guid(86c7e817c45a26f45aadbcd4a040a7da) Importer(815301076,1909f56bfc062723c751e8b465ee728b)
Start importing Assets/Shaders/HealthBar.shader using Guid(86c7e817c45a26f45aadbcd4a040a7da) Importer(815301076,1909f56bfc062723c751e8b465ee728b)  -> (artifact id: 'f6dd85c87e95ff96ee535106c4818c8d') in 0.017538 seconds 
========================================================================
Received Import Request.
  Time since last request: 170.826847 seconds.
  path: Assets/Shaders/HealthBar.shader
  artifactKey: Guid(86c7e817c45a26f45aadbcd4a040a7da) Importer(815301076,1909f56bfc062723c751e8b465ee728b)
Start importing Assets/Shaders/HealthBar.shader using Guid(86c7e817c45a26f45aadbcd4a040a7da) Importer(815301076,1909f56bfc062723c751e8b465ee728b)  -> (artifact id: '255a9eca651ee05a87727994bbb37717') in 0.005394 seconds 
========================================================================
Received Import Request.
  Time since last request: 33.945127 seconds.
  path: Assets/Shaders/HealthBar.shader
  artifactKey: Guid(86c7e817c45a26f45aadbcd4a040a7da) Importer(815301076,1909f56bfc062723c751e8b465ee728b)
Start importing Assets/Shaders/HealthBar.shader using Guid(86c7e817c45a26f45aadbcd4a040a7da) Importer(815301076,1909f56bfc062723c751e8b465ee728b)  -> (artifact id: 'd0f2ea607ecb6f2ea72da9c4c25d38e4') in 0.003317 seconds 
========================================================================
Received Import Request.
  Time since last request: 29.869864 seconds.
  path: Assets/Shaders/HealthBar.shader
  artifactKey: Guid(86c7e817c45a26f45aadbcd4a040a7da) Importer(815301076,1909f56bfc062723c751e8b465ee728b)
Start importing Assets/Shaders/HealthBar.shader using Guid(86c7e817c45a26f45aadbcd4a040a7da) Importer(815301076,1909f56bfc062723c751e8b465ee728b)  -> (artifact id: '8bda58a687f475eb896a7da54001f54c') in 0.004115 seconds 
========================================================================
Received Import Request.
  Time since last request: 50.835550 seconds.
  path: Assets/Shaders/HealthBar.shader
  artifactKey: Guid(86c7e817c45a26f45aadbcd4a040a7da) Importer(815301076,1909f56bfc062723c751e8b465ee728b)
Start importing Assets/Shaders/HealthBar.shader using Guid(86c7e817c45a26f45aadbcd4a040a7da) Importer(815301076,1909f56bfc062723c751e8b465ee728b)  -> (artifact id: 'd2eb441c6c01afbd695b65f8c3303c22') in 0.003340 seconds 
========================================================================
Received Import Request.
  Time since last request: 19.554150 seconds.
  path: Assets/Shaders/HealthBar.shader
  artifactKey: Guid(86c7e817c45a26f45aadbcd4a040a7da) Importer(815301076,1909f56bfc062723c751e8b465ee728b)
Start importing Assets/Shaders/HealthBar.shader using Guid(86c7e817c45a26f45aadbcd4a040a7da) Importer(815301076,1909f56bfc062723c751e8b465ee728b)  -> (artifact id: '153130627dd0ed610385ca153d27e2e0') in 0.005250 seconds 
========================================================================
Received Import Request.
  Time since last request: 58.017001 seconds.
  path: Assets/Shaders/HealthBar.shader
  artifactKey: Guid(86c7e817c45a26f45aadbcd4a040a7da) Importer(815301076,1909f56bfc062723c751e8b465ee728b)
Start importing Assets/Shaders/HealthBar.shader using Guid(86c7e817c45a26f45aadbcd4a040a7da) Importer(815301076,1909f56bfc062723c751e8b465ee728b)  -> (artifact id: '1e64c1d7eba927da829ba8b87832d7cf') in 0.011792 seconds 
========================================================================
Received Import Request.
  Time since last request: 15.952671 seconds.
  path: Assets/Shaders/HealthBar.shader
  artifactKey: Guid(86c7e817c45a26f45aadbcd4a040a7da) Importer(815301076,1909f56bfc062723c751e8b465ee728b)
Start importing Assets/Shaders/HealthBar.shader using Guid(86c7e817c45a26f45aadbcd4a040a7da) Importer(815301076,1909f56bfc062723c751e8b465ee728b)  -> (artifact id: '3a69489b56bece4ea903390c34f3fa6f') in 0.005791 seconds 
========================================================================
Received Import Request.
  Time since last request: 139.819223 seconds.
  path: Assets/Shaders/HealthBar.mat
  artifactKey: Guid(325889e45447f2247818e973ba69a896) Importer(815301076,1909f56bfc062723c751e8b465ee728b)
Start importing Assets/Shaders/HealthBar.mat using Guid(325889e45447f2247818e973ba69a896) Importer(815301076,1909f56bfc062723c751e8b465ee728b)  -> (artifact id: 'f12f003ac792a75335a302f091825185') in 0.091005 seconds 
========================================================================
Received Prepare
Registering precompiled user dll's ...
Registered in 0.004390 seconds.
Begin MonoManager ReloadAssembly
Native extension for WindowsStandalone target not found
Native extension for Android target not found
Refreshing native plugins compatible for Editor in 0.54 ms, found 2 plugins.
Preloading 0 native plugins for Editor in 0.00 ms.
Warning: Annotation not found!
UnityEngine.StackTraceUtility:ExtractStackTrace ()
UnityEditor.ProBuilder.EditorUtility:SetGizmoIconEnabled (System.Type,bool) (at Library/PackageCache/com.unity.probuilder@5.0.3/Editor/EditorCore/EditorUtility.cs:575)
UnityEditor.ProBuilder.HierarchyListener:.cctor () (at Library/PackageCache/com.unity.probuilder@5.0.3/Editor/EditorCore/HierarchyListener.cs:21)
System.Runtime.CompilerServices.RuntimeHelpers:RunClassConstructor (System.RuntimeTypeHandle)
UnityEditor.EditorAssemblies:ProcessInitializeOnLoadAttributes (System.Type[])

[Library/PackageCache/com.unity.probuilder@5.0.3/Editor/EditorCore/EditorUtility.cs line 575]

Mono: successfully reloaded assembly
- Completed reload, in  1.430 seconds
Domain Reload Profiling:
	ReloadAssembly (1431ms)
		BeginReloadAssembly (286ms)
			ExecutionOrderSort (0ms)
			DisableScriptedObjects (10ms)
			BackupInstance (0ms)
			ReleaseScriptingObjects (0ms)
			CreateAndSetChildDomain (121ms)
		EndReloadAssembly (979ms)
			LoadAssemblies (107ms)
			RebuildTransferFunctionScriptingTraits (0ms)
			SetupTypeCache (238ms)
			ReleaseScriptCaches (1ms)
			RebuildScriptCaches (43ms)
			SetupLoadedEditorAssemblies (522ms)
				LogAssemblyErrors (0ms)
				InitializePlatformSupportModulesInManaged (96ms)
				SetLoadedEditorAssemblies (1ms)
				RefreshPlugins (1ms)
				BeforeProcessingInitializeOnLoad (77ms)
				ProcessInitializeOnLoadAttributes (301ms)
				ProcessInitializeOnLoadMethodAttributes (37ms)
				AfterProcessingInitializeOnLoad (10ms)
				EditorAssembliesLoaded (0ms)
			ExecutionOrderSort2 (0ms)
			AwakeInstancesAfterBackupRestoration (8ms)
Platform modules already initialized, skipping
Refreshing native plugins compatible for Editor in 2.13 ms, found 2 plugins.
Preloading 0 native plugins for Editor in 0.00 ms.
Unloading 2047 Unused Serialized files (Serialized files now loaded: 0)
Unloading 13 unused Assets / (78.5 KB). Loaded Objects now: 2593.
Memory consumption went from 91.0 MB to 91.0 MB.
Total: 3.801200 ms (FindLiveObjects: 0.255300 ms CreateObjectMapping: 0.121200 ms MarkObjects: 3.288400 ms  DeleteObjects: 0.135400 ms)

AssetImportParameters requested are different than current active one (requested -> active):
  custom:video-decoder-ogg-theora: a1e56fd34408186e4bbccfd4996cb3dc -> 
  custom:container-muxer-webm: aa71ff27fc2769a1b78a27578f13a17b -> 
  custom:container-demuxer-webm: 4f35f7cbe854078d1ac9338744f61a02 -> 
  custom:video-encoder-webm-vp8: eb34c28f22e8b96e1ab97ce403110664 -> 
  custom:audio-encoder-webm-vorbis: bf7c407c2cedff20999df2af8eb42d56 -> 
  custom:framework-win-MediaFoundation: 216162199b28c13a410421893ffa2e32 -> 
  custom:container-demuxer-ogg: 62fdf1f143b41e24485cea50d1cbac27 -> 
  custom:video-decoder-webm-vp8: 9c59270c3fd7afecdb556c50c9e8de78 -> 
  custom:audio-decoder-ogg-vorbis: bf7c407c2cedff20999df2af8eb42d56 -> 
========================================================================
Received Import Request.
  Time since last request: 4241.754929 seconds.
  path: Assets
  artifactKey: Guid(00000000000000001000000000000000) Importer(815301076,1909f56bfc062723c751e8b465ee728b)
Start importing Assets using Guid(00000000000000001000000000000000) Importer(815301076,1909f56bfc062723c751e8b465ee728b)  -> (artifact id: '79842766b460edbeab6a34051e857a80') in 0.020059 seconds 
========================================================================
Received Import Request.
  Time since last request: 4.542935 seconds.
  path: Assets/Textures
  artifactKey: Guid(e6adf50b68e1a8941a4e580c49718cd1) Importer(815301076,1909f56bfc062723c751e8b465ee728b)
Start importing Assets/Textures using Guid(e6adf50b68e1a8941a4e580c49718cd1) Importer(815301076,1909f56bfc062723c751e8b465ee728b)  -> (artifact id: '7037f7d0c76f0ee3a7618943f04909eb') in 0.008422 seconds 
========================================================================
Received Import Request.
  Time since last request: 7.123352 seconds.
  path: Assets/Textures/healthbar.png
  artifactKey: Guid(56a91ee0f4e065646bef2a4d3c69523f) Importer(815301076,1909f56bfc062723c751e8b465ee728b)
Start importing Assets/Textures/healthbar.png using Guid(56a91ee0f4e065646bef2a4d3c69523f) Importer(815301076,1909f56bfc062723c751e8b465ee728b)  -> (artifact id: '8180956b7bd71a7265a4fb31dbb374be') in 0.209947 seconds 
========================================================================
Received Import Request.
  Time since last request: 650.246633 seconds.
  path: Assets/Textures/healthbar.png
  artifactKey: Guid(56a91ee0f4e065646bef2a4d3c69523f) Importer(815301076,1909f56bfc062723c751e8b465ee728b)
Start importing Assets/Textures/healthbar.png using Guid(56a91ee0f4e065646bef2a4d3c69523f) Importer(815301076,1909f56bfc062723c751e8b465ee728b)  -> (artifact id: '83448593232c6da53b742921ebb1d6d2') in 0.039155 seconds 
========================================================================
Received Import Request.
  Time since last request: 109.166768 seconds.
  path: Assets/HealthMan.cs
  artifactKey: Guid(7477dfc9abfedf64b8d1b288fbc3ba1d) Importer(815301076,1909f56bfc062723c751e8b465ee728b)
Start importing Assets/HealthMan.cs using Guid(7477dfc9abfedf64b8d1b288fbc3ba1d) Importer(815301076,1909f56bfc062723c751e8b465ee728b)  -> (artifact id: '942afe97dc1d772cf9040ae28152ad1d') in 0.031352 seconds 
========================================================================
Received Prepare
Registering precompiled user dll's ...
Registered in 0.004132 seconds.
Begin MonoManager ReloadAssembly
Native extension for WindowsStandalone target not found
Native extension for Android target not found
Refreshing native plugins compatible for Editor in 0.55 ms, found 2 plugins.
Preloading 0 native plugins for Editor in 0.00 ms.
Warning: Annotation not found!
UnityEngine.StackTraceUtility:ExtractStackTrace ()
UnityEditor.ProBuilder.EditorUtility:SetGizmoIconEnabled (System.Type,bool) (at Library/PackageCache/com.unity.probuilder@5.0.3/Editor/EditorCore/EditorUtility.cs:575)
UnityEditor.ProBuilder.HierarchyListener:.cctor () (at Library/PackageCache/com.unity.probuilder@5.0.3/Editor/EditorCore/HierarchyListener.cs:21)
System.Runtime.CompilerServices.RuntimeHelpers:RunClassConstructor (System.RuntimeTypeHandle)
UnityEditor.EditorAssemblies:ProcessInitializeOnLoadAttributes (System.Type[])

[Library/PackageCache/com.unity.probuilder@5.0.3/Editor/EditorCore/EditorUtility.cs line 575]

Mono: successfully reloaded assembly
- Completed reload, in  1.145 seconds
Domain Reload Profiling:
	ReloadAssembly (1146ms)
		BeginReloadAssembly (163ms)
			ExecutionOrderSort (0ms)
			DisableScriptedObjects (5ms)
			BackupInstance (0ms)
			ReleaseScriptingObjects (0ms)
			CreateAndSetChildDomain (32ms)
		EndReloadAssembly (798ms)
			LoadAssemblies (112ms)
			RebuildTransferFunctionScriptingTraits (0ms)
			SetupTypeCache (236ms)
			ReleaseScriptCaches (1ms)
			RebuildScriptCaches (40ms)
			SetupLoadedEditorAssemblies (381ms)
				LogAssemblyErrors (0ms)
				InitializePlatformSupportModulesInManaged (24ms)
				SetLoadedEditorAssemblies (1ms)
				RefreshPlugins (1ms)
				BeforeProcessingInitializeOnLoad (68ms)
				ProcessInitializeOnLoadAttributes (249ms)
				ProcessInitializeOnLoadMethodAttributes (31ms)
				AfterProcessingInitializeOnLoad (7ms)
				EditorAssembliesLoaded (0ms)
			ExecutionOrderSort2 (0ms)
			AwakeInstancesAfterBackupRestoration (6ms)
Platform modules already initialized, skipping
Refreshing native plugins compatible for Editor in 1.39 ms, found 2 plugins.
Preloading 0 native plugins for Editor in 0.00 ms.
Unloading 2047 Unused Serialized files (Serialized files now loaded: 0)
Unloading 13 unused Assets / (86.0 KB). Loaded Objects now: 2599.
Memory consumption went from 91.0 MB to 90.9 MB.
Total: 3.354200 ms (FindLiveObjects: 0.192800 ms CreateObjectMapping: 0.086100 ms MarkObjects: 2.955100 ms  DeleteObjects: 0.119200 ms)

AssetImportParameters requested are different than current active one (requested -> active):
  custom:video-decoder-ogg-theora: a1e56fd34408186e4bbccfd4996cb3dc -> 
  custom:container-muxer-webm: aa71ff27fc2769a1b78a27578f13a17b -> 
  custom:container-demuxer-webm: 4f35f7cbe854078d1ac9338744f61a02 -> 
  custom:video-encoder-webm-vp8: eb34c28f22e8b96e1ab97ce403110664 -> 
  custom:audio-encoder-webm-vorbis: bf7c407c2cedff20999df2af8eb42d56 -> 
  custom:framework-win-MediaFoundation: 216162199b28c13a410421893ffa2e32 -> 
  custom:container-demuxer-ogg: 62fdf1f143b41e24485cea50d1cbac27 -> 
  custom:video-decoder-webm-vp8: 9c59270c3fd7afecdb556c50c9e8de78 -> 
  custom:audio-decoder-ogg-vorbis: bf7c407c2cedff20999df2af8eb42d56 -> 
========================================================================
Received Import Request.
  Time since last request: 42.773535 seconds.
  path: Assets/HealthMan.cs
  artifactKey: Guid(7477dfc9abfedf64b8d1b288fbc3ba1d) Importer(815301076,1909f56bfc062723c751e8b465ee728b)
Start importing Assets/HealthMan.cs using Guid(7477dfc9abfedf64b8d1b288fbc3ba1d) Importer(815301076,1909f56bfc062723c751e8b465ee728b)  -> (artifact id: '14c92e5c14550d08b993dd469392614b') in 0.020635 seconds 
========================================================================
Received Prepare
Registering precompiled user dll's ...
Registered in 0.004908 seconds.
Begin MonoManager ReloadAssembly
Native extension for WindowsStandalone target not found
Native extension for Android target not found
Refreshing native plugins compatible for Editor in 0.42 ms, found 2 plugins.
Preloading 0 native plugins for Editor in 0.00 ms.
Warning: Annotation not found!
UnityEngine.StackTraceUtility:ExtractStackTrace ()
UnityEditor.ProBuilder.EditorUtility:SetGizmoIconEnabled (System.Type,bool) (at Library/PackageCache/com.unity.probuilder@5.0.3/Editor/EditorCore/EditorUtility.cs:575)
UnityEditor.ProBuilder.HierarchyListener:.cctor () (at Library/PackageCache/com.unity.probuilder@5.0.3/Editor/EditorCore/HierarchyListener.cs:21)
System.Runtime.CompilerServices.RuntimeHelpers:RunClassConstructor (System.RuntimeTypeHandle)
UnityEditor.EditorAssemblies:ProcessInitializeOnLoadAttributes (System.Type[])

[Library/PackageCache/com.unity.probuilder@5.0.3/Editor/EditorCore/EditorUtility.cs line 575]

Mono: successfully reloaded assembly
- Completed reload, in  1.271 seconds
Domain Reload Profiling:
	ReloadAssembly (1271ms)
		BeginReloadAssembly (198ms)
			ExecutionOrderSort (0ms)
			DisableScriptedObjects (13ms)
			BackupInstance (0ms)
			ReleaseScriptingObjects (0ms)
			CreateAndSetChildDomain (39ms)
		EndReloadAssembly (959ms)
			LoadAssemblies (159ms)
			RebuildTransferFunctionScriptingTraits (0ms)
			SetupTypeCache (312ms)
			ReleaseScriptCaches (1ms)
			RebuildScriptCaches (50ms)
			SetupLoadedEditorAssemblies (399ms)
				LogAssemblyErrors (0ms)
				InitializePlatformSupportModulesInManaged (37ms)
				SetLoadedEditorAssemblies (0ms)
				RefreshPlugins (1ms)
				BeforeProcessingInitializeOnLoad (58ms)
				ProcessInitializeOnLoadAttributes (265ms)
				ProcessInitializeOnLoadMethodAttributes (32ms)
				AfterProcessingInitializeOnLoad (7ms)
				EditorAssembliesLoaded (0ms)
			ExecutionOrderSort2 (0ms)
			AwakeInstancesAfterBackupRestoration (7ms)
Platform modules already initialized, skipping
Refreshing native plugins compatible for Editor in 1.34 ms, found 2 plugins.
Preloading 0 native plugins for Editor in 0.00 ms.
Unloading 2047 Unused Serialized files (Serialized files now loaded: 0)
Unloading 13 unused Assets / (63.6 KB). Loaded Objects now: 2602.
Memory consumption went from 90.9 MB to 90.8 MB.
Total: 2.907400 ms (FindLiveObjects: 0.178500 ms CreateObjectMapping: 0.077600 ms MarkObjects: 2.549300 ms  DeleteObjects: 0.100900 ms)

AssetImportParameters requested are different than current active one (requested -> active):
  custom:video-decoder-ogg-theora: a1e56fd34408186e4bbccfd4996cb3dc -> 
  custom:container-muxer-webm: aa71ff27fc2769a1b78a27578f13a17b -> 
  custom:container-demuxer-webm: 4f35f7cbe854078d1ac9338744f61a02 -> 
  custom:video-encoder-webm-vp8: eb34c28f22e8b96e1ab97ce403110664 -> 
  custom:audio-encoder-webm-vorbis: bf7c407c2cedff20999df2af8eb42d56 -> 
  custom:framework-win-MediaFoundation: 216162199b28c13a410421893ffa2e32 -> 
  custom:container-demuxer-ogg: 62fdf1f143b41e24485cea50d1cbac27 -> 
  custom:video-decoder-webm-vp8: 9c59270c3fd7afecdb556c50c9e8de78 -> 
  custom:audio-decoder-ogg-vorbis: bf7c407c2cedff20999df2af8eb42d56 -> 
========================================================================
Received Import Request.
  Time since last request: 7.499807 seconds.
  path: Assets/HealthMan.cs
  artifactKey: Guid(7477dfc9abfedf64b8d1b288fbc3ba1d) Importer(815301076,1909f56bfc062723c751e8b465ee728b)
Start importing Assets/HealthMan.cs using Guid(7477dfc9abfedf64b8d1b288fbc3ba1d) Importer(815301076,1909f56bfc062723c751e8b465ee728b)  -> (artifact id: 'e69ea15d5d8031bf99fb11b361e574fe') in 0.008632 seconds 
========================================================================
Received Prepare
Registering precompiled user dll's ...
Registered in 0.006999 seconds.
Begin MonoManager ReloadAssembly
Native extension for WindowsStandalone target not found
Native extension for Android target not found
Refreshing native plugins compatible for Editor in 9.06 ms, found 2 plugins.
Preloading 0 native plugins for Editor in 0.00 ms.
Warning: Annotation not found!
UnityEngine.StackTraceUtility:ExtractStackTrace ()
UnityEditor.ProBuilder.EditorUtility:SetGizmoIconEnabled (System.Type,bool) (at Library/PackageCache/com.unity.probuilder@5.0.3/Editor/EditorCore/EditorUtility.cs:575)
UnityEditor.ProBuilder.HierarchyListener:.cctor () (at Library/PackageCache/com.unity.probuilder@5.0.3/Editor/EditorCore/HierarchyListener.cs:21)
System.Runtime.CompilerServices.RuntimeHelpers:RunClassConstructor (System.RuntimeTypeHandle)
UnityEditor.EditorAssemblies:ProcessInitializeOnLoadAttributes (System.Type[])

[Library/PackageCache/com.unity.probuilder@5.0.3/Editor/EditorCore/EditorUtility.cs line 575]

Mono: successfully reloaded assembly
- Completed reload, in  1.846 seconds
Domain Reload Profiling:
	ReloadAssembly (1847ms)
		BeginReloadAssembly (157ms)
			ExecutionOrderSort (0ms)
			DisableScriptedObjects (7ms)
			BackupInstance (0ms)
			ReleaseScriptingObjects (0ms)
			CreateAndSetChildDomain (41ms)
		EndReloadAssembly (1570ms)
			LoadAssemblies (92ms)
			RebuildTransferFunctionScriptingTraits (0ms)
			SetupTypeCache (615ms)
			ReleaseScriptCaches (1ms)
			RebuildScriptCaches (44ms)
			SetupLoadedEditorAssemblies (616ms)
				LogAssemblyErrors (0ms)
				InitializePlatformSupportModulesInManaged (42ms)
				SetLoadedEditorAssemblies (0ms)
				RefreshPlugins (9ms)
				BeforeProcessingInitializeOnLoad (228ms)
				ProcessInitializeOnLoadAttributes (294ms)
				ProcessInitializeOnLoadMethodAttributes (35ms)
				AfterProcessingInitializeOnLoad (8ms)
				EditorAssembliesLoaded (0ms)
			ExecutionOrderSort2 (0ms)
			AwakeInstancesAfterBackupRestoration (10ms)
Platform modules already initialized, skipping
Refreshing native plugins compatible for Editor in 1.51 ms, found 2 plugins.
Preloading 0 native plugins for Editor in 0.00 ms.
Unloading 2047 Unused Serialized files (Serialized files now loaded: 0)
Unloading 13 unused Assets / (86.1 KB). Loaded Objects now: 2605.
Memory consumption went from 90.9 MB to 90.8 MB.
Total: 2.726400 ms (FindLiveObjects: 0.163300 ms CreateObjectMapping: 0.071800 ms MarkObjects: 2.396300 ms  DeleteObjects: 0.094300 ms)

AssetImportParameters requested are different than current active one (requested -> active):
  custom:video-decoder-ogg-theora: a1e56fd34408186e4bbccfd4996cb3dc -> 
  custom:container-muxer-webm: aa71ff27fc2769a1b78a27578f13a17b -> 
  custom:container-demuxer-webm: 4f35f7cbe854078d1ac9338744f61a02 -> 
  custom:video-encoder-webm-vp8: eb34c28f22e8b96e1ab97ce403110664 -> 
  custom:audio-encoder-webm-vorbis: bf7c407c2cedff20999df2af8eb42d56 -> 
  custom:framework-win-MediaFoundation: 216162199b28c13a410421893ffa2e32 -> 
  custom:container-demuxer-ogg: 62fdf1f143b41e24485cea50d1cbac27 -> 
  custom:video-decoder-webm-vp8: 9c59270c3fd7afecdb556c50c9e8de78 -> 
  custom:audio-decoder-ogg-vorbis: bf7c407c2cedff20999df2af8eb42d56 -> 
========================================================================
Received Import Request.
  Time since last request: 21.512295 seconds.
  path: Assets/HealthMan.cs
  artifactKey: Guid(7477dfc9abfedf64b8d1b288fbc3ba1d) Importer(815301076,1909f56bfc062723c751e8b465ee728b)
Start importing Assets/HealthMan.cs using Guid(7477dfc9abfedf64b8d1b288fbc3ba1d) Importer(815301076,1909f56bfc062723c751e8b465ee728b)  -> (artifact id: '7f9e6b1932ce4f6cfe84592b19823f4e') in 0.004181 seconds 
========================================================================
Received Import Request.
  Time since last request: 7.412372 seconds.
  path: Assets/HealthMan.cs
  artifactKey: Guid(7477dfc9abfedf64b8d1b288fbc3ba1d) Importer(815301076,1909f56bfc062723c751e8b465ee728b)
Start importing Assets/HealthMan.cs using Guid(7477dfc9abfedf64b8d1b288fbc3ba1d) Importer(815301076,1909f56bfc062723c751e8b465ee728b)  -> (artifact id: '34db1fe30261af6a18f652c6c7f8c9fe') in 0.004036 seconds 
========================================================================
Received Prepare
Registering precompiled user dll's ...
Registered in 0.003901 seconds.
Begin MonoManager ReloadAssembly
Native extension for WindowsStandalone target not found
Native extension for Android target not found
Refreshing native plugins compatible for Editor in 0.77 ms, found 2 plugins.
Preloading 0 native plugins for Editor in 0.00 ms.
Warning: Annotation not found!
UnityEngine.StackTraceUtility:ExtractStackTrace ()
UnityEditor.ProBuilder.EditorUtility:SetGizmoIconEnabled (System.Type,bool) (at Library/PackageCache/com.unity.probuilder@5.0.3/Editor/EditorCore/EditorUtility.cs:575)
UnityEditor.ProBuilder.HierarchyListener:.cctor () (at Library/PackageCache/com.unity.probuilder@5.0.3/Editor/EditorCore/HierarchyListener.cs:21)
System.Runtime.CompilerServices.RuntimeHelpers:RunClassConstructor (System.RuntimeTypeHandle)
UnityEditor.EditorAssemblies:ProcessInitializeOnLoadAttributes (System.Type[])

[Library/PackageCache/com.unity.probuilder@5.0.3/Editor/EditorCore/EditorUtility.cs line 575]

Mono: successfully reloaded assembly
- Completed reload, in  1.877 seconds
Domain Reload Profiling:
	ReloadAssembly (1878ms)
		BeginReloadAssembly (638ms)
			ExecutionOrderSort (0ms)
			DisableScriptedObjects (8ms)
			BackupInstance (0ms)
			ReleaseScriptingObjects (0ms)
			CreateAndSetChildDomain (67ms)
		EndReloadAssembly (1129ms)
			LoadAssemblies (534ms)
			RebuildTransferFunctionScriptingTraits (0ms)
			SetupTypeCache (349ms)
			ReleaseScriptCaches (1ms)
			RebuildScriptCaches (38ms)
			SetupLoadedEditorAssemblies (597ms)
				LogAssemblyErrors (0ms)
				InitializePlatformSupportModulesInManaged (20ms)
				SetLoadedEditorAssemblies (0ms)
				RefreshPlugins (1ms)
				BeforeProcessingInitializeOnLoad (67ms)
				ProcessInitializeOnLoadAttributes (467ms)
				ProcessInitializeOnLoadMethodAttributes (32ms)
				AfterProcessingInitializeOnLoad (8ms)
				EditorAssembliesLoaded (0ms)
			ExecutionOrderSort2 (0ms)
			AwakeInstancesAfterBackupRestoration (28ms)
Platform modules already initialized, skipping
Refreshing native plugins compatible for Editor in 1.38 ms, found 2 plugins.
Preloading 0 native plugins for Editor in 0.00 ms.
Unloading 2047 Unused Serialized files (Serialized files now loaded: 0)
Unloading 13 unused Assets / (63.5 KB). Loaded Objects now: 2608.
Memory consumption went from 90.9 MB to 90.8 MB.
Total: 3.162900 ms (FindLiveObjects: 0.211700 ms CreateObjectMapping: 0.070400 ms MarkObjects: 2.778700 ms  DeleteObjects: 0.101300 ms)

AssetImportParameters requested are different than current active one (requested -> active):
  custom:video-decoder-ogg-theora: a1e56fd34408186e4bbccfd4996cb3dc -> 
  custom:container-muxer-webm: aa71ff27fc2769a1b78a27578f13a17b -> 
  custom:container-demuxer-webm: 4f35f7cbe854078d1ac9338744f61a02 -> 
  custom:video-encoder-webm-vp8: eb34c28f22e8b96e1ab97ce403110664 -> 
  custom:audio-encoder-webm-vorbis: bf7c407c2cedff20999df2af8eb42d56 -> 
  custom:framework-win-MediaFoundation: 216162199b28c13a410421893ffa2e32 -> 
  custom:container-demuxer-ogg: 62fdf1f143b41e24485cea50d1cbac27 -> 
  custom:video-decoder-webm-vp8: 9c59270c3fd7afecdb556c50c9e8de78 -> 
  custom:audio-decoder-ogg-vorbis: bf7c407c2cedff20999df2af8eb42d56 -> 
========================================================================
Received Import Request.
  Time since last request: 122.231577 seconds.
  path: Assets/HealthMan.cs
  artifactKey: Guid(7477dfc9abfedf64b8d1b288fbc3ba1d) Importer(815301076,1909f56bfc062723c751e8b465ee728b)
Start importing Assets/HealthMan.cs using Guid(7477dfc9abfedf64b8d1b288fbc3ba1d) Importer(815301076,1909f56bfc062723c751e8b465ee728b)  -> (artifact id: '7ee7a3ec0d1c9f40c81ec176269c7048') in 0.012001 seconds 
========================================================================
Received Prepare
Registering precompiled user dll's ...
Registered in 0.004428 seconds.
Begin MonoManager ReloadAssembly
Native extension for WindowsStandalone target not found
Native extension for Android target not found
Refreshing native plugins compatible for Editor in 0.43 ms, found 2 plugins.
Preloading 0 native plugins for Editor in 0.00 ms.
Warning: Annotation not found!
UnityEngine.StackTraceUtility:ExtractStackTrace ()
UnityEditor.ProBuilder.EditorUtility:SetGizmoIconEnabled (System.Type,bool) (at Library/PackageCache/com.unity.probuilder@5.0.3/Editor/EditorCore/EditorUtility.cs:575)
UnityEditor.ProBuilder.HierarchyListener:.cctor () (at Library/PackageCache/com.unity.probuilder@5.0.3/Editor/EditorCore/HierarchyListener.cs:21)
System.Runtime.CompilerServices.RuntimeHelpers:RunClassConstructor (System.RuntimeTypeHandle)
UnityEditor.EditorAssemblies:ProcessInitializeOnLoadAttributes (System.Type[])

[Library/PackageCache/com.unity.probuilder@5.0.3/Editor/EditorCore/EditorUtility.cs line 575]

Mono: successfully reloaded assembly
- Completed reload, in  1.076 seconds
Domain Reload Profiling:
	ReloadAssembly (1076ms)
		BeginReloadAssembly (139ms)
			ExecutionOrderSort (0ms)
			DisableScriptedObjects (6ms)
			BackupInstance (0ms)
			ReleaseScriptingObjects (0ms)
			CreateAndSetChildDomain (30ms)
		EndReloadAssembly (826ms)
			LoadAssemblies (90ms)
			RebuildTransferFunctionScriptingTraits (0ms)
			SetupTypeCache (235ms)
			ReleaseScriptCaches (1ms)
			RebuildScriptCaches (62ms)
			SetupLoadedEditorAssemblies (364ms)
				LogAssemblyErrors (0ms)
				InitializePlatformSupportModulesInManaged (22ms)
				SetLoadedEditorAssemblies (0ms)
				RefreshPlugins (1ms)
				BeforeProcessingInitializeOnLoad (52ms)
				ProcessInitializeOnLoadAttributes (251ms)
				ProcessInitializeOnLoadMethodAttributes (31ms)
				AfterProcessingInitializeOnLoad (7ms)
				EditorAssembliesLoaded (0ms)
			ExecutionOrderSort2 (0ms)
			AwakeInstancesAfterBackupRestoration (7ms)
Platform modules already initialized, skipping
Refreshing native plugins compatible for Editor in 1.39 ms, found 2 plugins.
Preloading 0 native plugins for Editor in 0.00 ms.
Unloading 2047 Unused Serialized files (Serialized files now loaded: 0)
Unloading 13 unused Assets / (63.5 KB). Loaded Objects now: 2611.
Memory consumption went from 91.0 MB to 90.9 MB.
Total: 3.569000 ms (FindLiveObjects: 0.162700 ms CreateObjectMapping: 0.071900 ms MarkObjects: 3.225000 ms  DeleteObjects: 0.108500 ms)

AssetImportParameters requested are different than current active one (requested -> active):
  custom:video-decoder-ogg-theora: a1e56fd34408186e4bbccfd4996cb3dc -> 
  custom:container-muxer-webm: aa71ff27fc2769a1b78a27578f13a17b -> 
  custom:container-demuxer-webm: 4f35f7cbe854078d1ac9338744f61a02 -> 
  custom:video-encoder-webm-vp8: eb34c28f22e8b96e1ab97ce403110664 -> 
  custom:audio-encoder-webm-vorbis: bf7c407c2cedff20999df2af8eb42d56 -> 
  custom:framework-win-MediaFoundation: 216162199b28c13a410421893ffa2e32 -> 
  custom:container-demuxer-ogg: 62fdf1f143b41e24485cea50d1cbac27 -> 
  custom:video-decoder-webm-vp8: 9c59270c3fd7afecdb556c50c9e8de78 -> 
  custom:audio-decoder-ogg-vorbis: bf7c407c2cedff20999df2af8eb42d56 -> 
========================================================================
Received Prepare
Registering precompiled user dll's ...
Registered in 0.004451 seconds.
Begin MonoManager ReloadAssembly
Native extension for WindowsStandalone target not found
Native extension for Android target not found
Refreshing native plugins compatible for Editor in 3.45 ms, found 2 plugins.
Preloading 0 native plugins for Editor in 0.00 ms.
Warning: Annotation not found!
UnityEngine.StackTraceUtility:ExtractStackTrace ()
UnityEditor.ProBuilder.EditorUtility:SetGizmoIconEnabled (System.Type,bool) (at Library/PackageCache/com.unity.probuilder@5.0.3/Editor/EditorCore/EditorUtility.cs:575)
UnityEditor.ProBuilder.HierarchyListener:.cctor () (at Library/PackageCache/com.unity.probuilder@5.0.3/Editor/EditorCore/HierarchyListener.cs:21)
System.Runtime.CompilerServices.RuntimeHelpers:RunClassConstructor (System.RuntimeTypeHandle)
UnityEditor.EditorAssemblies:ProcessInitializeOnLoadAttributes (System.Type[])

[Library/PackageCache/com.unity.probuilder@5.0.3/Editor/EditorCore/EditorUtility.cs line 575]

Mono: successfully reloaded assembly
- Completed reload, in  1.931 seconds
Domain Reload Profiling:
	ReloadAssembly (1932ms)
		BeginReloadAssembly (139ms)
			ExecutionOrderSort (0ms)
			DisableScriptedObjects (6ms)
			BackupInstance (0ms)
			ReleaseScriptingObjects (0ms)
			CreateAndSetChildDomain (30ms)
		EndReloadAssembly (1652ms)
			LoadAssemblies (81ms)
			RebuildTransferFunctionScriptingTraits (0ms)
			SetupTypeCache (239ms)
			ReleaseScriptCaches (1ms)
			RebuildScriptCaches (41ms)
			SetupLoadedEditorAssemblies (1226ms)
				LogAssemblyErrors (0ms)
				InitializePlatformSupportModulesInManaged (119ms)
				SetLoadedEditorAssemblies (6ms)
				RefreshPlugins (4ms)
				BeforeProcessingInitializeOnLoad (252ms)
				ProcessInitializeOnLoadAttributes (765ms)
				ProcessInitializeOnLoadMethodAttributes (63ms)
				AfterProcessingInitializeOnLoad (16ms)
				EditorAssembliesLoaded (1ms)
			ExecutionOrderSort2 (0ms)
			AwakeInstancesAfterBackupRestoration (13ms)
Platform modules already initialized, skipping
Refreshing native plugins compatible for Editor in 1.63 ms, found 2 plugins.
Preloading 0 native plugins for Editor in 0.00 ms.
Unloading 2047 Unused Serialized files (Serialized files now loaded: 0)
Unloading 13 unused Assets / (63.6 KB). Loaded Objects now: 2614.
Memory consumption went from 91.0 MB to 90.9 MB.
Total: 11.897600 ms (FindLiveObjects: 0.202400 ms CreateObjectMapping: 0.080100 ms MarkObjects: 11.296800 ms  DeleteObjects: 0.317000 ms)

AssetImportParameters requested are different than current active one (requested -> active):
  custom:video-decoder-ogg-theora: a1e56fd34408186e4bbccfd4996cb3dc -> 
  custom:container-muxer-webm: aa71ff27fc2769a1b78a27578f13a17b -> 
  custom:container-demuxer-webm: 4f35f7cbe854078d1ac9338744f61a02 -> 
  custom:video-encoder-webm-vp8: eb34c28f22e8b96e1ab97ce403110664 -> 
  custom:audio-encoder-webm-vorbis: bf7c407c2cedff20999df2af8eb42d56 -> 
  custom:framework-win-MediaFoundation: 216162199b28c13a410421893ffa2e32 -> 
  custom:container-demuxer-ogg: 62fdf1f143b41e24485cea50d1cbac27 -> 
  custom:video-decoder-webm-vp8: 9c59270c3fd7afecdb556c50c9e8de78 -> 
  custom:audio-decoder-ogg-vorbis: bf7c407c2cedff20999df2af8eb42d56 -> 
========================================================================
Received Prepare
Registering precompiled user dll's ...
Registered in 0.004043 seconds.
Begin MonoManager ReloadAssembly
Native extension for WindowsStandalone target not found
Native extension for Android target not found
Refreshing native plugins compatible for Editor in 0.72 ms, found 2 plugins.
Preloading 0 native plugins for Editor in 0.00 ms.
Warning: Annotation not found!
UnityEngine.StackTraceUtility:ExtractStackTrace ()
UnityEditor.ProBuilder.EditorUtility:SetGizmoIconEnabled (System.Type,bool) (at Library/PackageCache/com.unity.probuilder@5.0.3/Editor/EditorCore/EditorUtility.cs:575)
UnityEditor.ProBuilder.HierarchyListener:.cctor () (at Library/PackageCache/com.unity.probuilder@5.0.3/Editor/EditorCore/HierarchyListener.cs:21)
System.Runtime.CompilerServices.RuntimeHelpers:RunClassConstructor (System.RuntimeTypeHandle)
UnityEditor.EditorAssemblies:ProcessInitializeOnLoadAttributes (System.Type[])

[Library/PackageCache/com.unity.probuilder@5.0.3/Editor/EditorCore/EditorUtility.cs line 575]

Mono: successfully reloaded assembly
- Completed reload, in  1.120 seconds
Domain Reload Profiling:
	ReloadAssembly (1120ms)
		BeginReloadAssembly (149ms)
			ExecutionOrderSort (0ms)
			DisableScriptedObjects (6ms)
			BackupInstance (0ms)
			ReleaseScriptingObjects (0ms)
			CreateAndSetChildDomain (30ms)
		EndReloadAssembly (866ms)
			LoadAssemblies (94ms)
			RebuildTransferFunctionScriptingTraits (0ms)
			SetupTypeCache (211ms)
			ReleaseScriptCaches (1ms)
			RebuildScriptCaches (41ms)
			SetupLoadedEditorAssemblies (487ms)
				LogAssemblyErrors (0ms)
				InitializePlatformSupportModulesInManaged (29ms)
				SetLoadedEditorAssemblies (1ms)
				RefreshPlugins (2ms)
				BeforeProcessingInitializeOnLoad (133ms)
				ProcessInitializeOnLoadAttributes (277ms)
				ProcessInitializeOnLoadMethodAttributes (36ms)
				AfterProcessingInitializeOnLoad (8ms)
				EditorAssembliesLoaded (0ms)
			ExecutionOrderSort2 (0ms)
			AwakeInstancesAfterBackupRestoration (7ms)
Platform modules already initialized, skipping
Refreshing native plugins compatible for Editor in 1.73 ms, found 2 plugins.
Preloading 0 native plugins for Editor in 0.00 ms.
Unloading 2047 Unused Serialized files (Serialized files now loaded: 0)
Unloading 13 unused Assets / (63.5 KB). Loaded Objects now: 2617.
Memory consumption went from 91.0 MB to 91.0 MB.
Total: 2.747300 ms (FindLiveObjects: 0.166500 ms CreateObjectMapping: 0.076800 ms MarkObjects: 2.407700 ms  DeleteObjects: 0.095400 ms)

AssetImportParameters requested are different than current active one (requested -> active):
  custom:video-decoder-ogg-theora: a1e56fd34408186e4bbccfd4996cb3dc -> 
  custom:container-muxer-webm: aa71ff27fc2769a1b78a27578f13a17b -> 
  custom:container-demuxer-webm: 4f35f7cbe854078d1ac9338744f61a02 -> 
  custom:video-encoder-webm-vp8: eb34c28f22e8b96e1ab97ce403110664 -> 
  custom:audio-encoder-webm-vorbis: bf7c407c2cedff20999df2af8eb42d56 -> 
  custom:framework-win-MediaFoundation: 216162199b28c13a410421893ffa2e32 -> 
  custom:container-demuxer-ogg: 62fdf1f143b41e24485cea50d1cbac27 -> 
  custom:video-decoder-webm-vp8: 9c59270c3fd7afecdb556c50c9e8de78 -> 
  custom:audio-decoder-ogg-vorbis: bf7c407c2cedff20999df2af8eb42d56 -> 
========================================================================
Received Prepare
Registering precompiled user dll's ...
Registered in 0.004043 seconds.
Begin MonoManager ReloadAssembly
Native extension for WindowsStandalone target not found
Native extension for Android target not found
Refreshing native plugins compatible for Editor in 0.42 ms, found 2 plugins.
Preloading 0 native plugins for Editor in 0.00 ms.
Warning: Annotation not found!
UnityEngine.StackTraceUtility:ExtractStackTrace ()
UnityEditor.ProBuilder.EditorUtility:SetGizmoIconEnabled (System.Type,bool) (at Library/PackageCache/com.unity.probuilder@5.0.3/Editor/EditorCore/EditorUtility.cs:575)
UnityEditor.ProBuilder.HierarchyListener:.cctor () (at Library/PackageCache/com.unity.probuilder@5.0.3/Editor/EditorCore/HierarchyListener.cs:21)
System.Runtime.CompilerServices.RuntimeHelpers:RunClassConstructor (System.RuntimeTypeHandle)
UnityEditor.EditorAssemblies:ProcessInitializeOnLoadAttributes (System.Type[])

[Library/PackageCache/com.unity.probuilder@5.0.3/Editor/EditorCore/EditorUtility.cs line 575]

Mono: successfully reloaded assembly
- Completed reload, in  1.305 seconds
Domain Reload Profiling:
	ReloadAssembly (1306ms)
		BeginReloadAssembly (168ms)
			ExecutionOrderSort (0ms)
			DisableScriptedObjects (8ms)
			BackupInstance (0ms)
			ReleaseScriptingObjects (0ms)
			CreateAndSetChildDomain (29ms)
		EndReloadAssembly (1008ms)
			LoadAssemblies (108ms)
			RebuildTransferFunctionScriptingTraits (0ms)
			SetupTypeCache (306ms)
			ReleaseScriptCaches (6ms)
			RebuildScriptCaches (129ms)
			SetupLoadedEditorAssemblies (394ms)
				LogAssemblyErrors (0ms)
				InitializePlatformSupportModulesInManaged (35ms)
				SetLoadedEditorAssemblies (0ms)
				RefreshPlugins (0ms)
				BeforeProcessingInitializeOnLoad (57ms)
				ProcessInitializeOnLoadAttributes (261ms)
				ProcessInitializeOnLoadMethodAttributes (32ms)
				AfterProcessingInitializeOnLoad (7ms)
				EditorAssembliesLoaded (0ms)
			ExecutionOrderSort2 (0ms)
			AwakeInstancesAfterBackupRestoration (6ms)
Platform modules already initialized, skipping
Refreshing native plugins compatible for Editor in 1.33 ms, found 2 plugins.
Preloading 0 native plugins for Editor in 0.00 ms.
Unloading 2047 Unused Serialized files (Serialized files now loaded: 0)
Unloading 13 unused Assets / (86.0 KB). Loaded Objects now: 2620.
Memory consumption went from 91.0 MB to 91.0 MB.
Total: 2.986900 ms (FindLiveObjects: 0.191700 ms CreateObjectMapping: 0.072300 ms MarkObjects: 2.615600 ms  DeleteObjects: 0.106500 ms)

AssetImportParameters requested are different than current active one (requested -> active):
  custom:video-decoder-ogg-theora: a1e56fd34408186e4bbccfd4996cb3dc -> 
  custom:container-muxer-webm: aa71ff27fc2769a1b78a27578f13a17b -> 
  custom:container-demuxer-webm: 4f35f7cbe854078d1ac9338744f61a02 -> 
  custom:video-encoder-webm-vp8: eb34c28f22e8b96e1ab97ce403110664 -> 
  custom:audio-encoder-webm-vorbis: bf7c407c2cedff20999df2af8eb42d56 -> 
  custom:framework-win-MediaFoundation: 216162199b28c13a410421893ffa2e32 -> 
  custom:container-demuxer-ogg: 62fdf1f143b41e24485cea50d1cbac27 -> 
  custom:video-decoder-webm-vp8: 9c59270c3fd7afecdb556c50c9e8de78 -> 
  custom:audio-decoder-ogg-vorbis: bf7c407c2cedff20999df2af8eb42d56 -> 
========================================================================
Received Prepare
Registering precompiled user dll's ...
Registered in 0.004245 seconds.
Begin MonoManager ReloadAssembly
Native extension for WindowsStandalone target not found
Native extension for Android target not found
Refreshing native plugins compatible for Editor in 0.42 ms, found 2 plugins.
Preloading 0 native plugins for Editor in 0.00 ms.
Warning: Annotation not found!
UnityEngine.StackTraceUtility:ExtractStackTrace ()
UnityEditor.ProBuilder.EditorUtility:SetGizmoIconEnabled (System.Type,bool) (at Library/PackageCache/com.unity.probuilder@5.0.3/Editor/EditorCore/EditorUtility.cs:575)
UnityEditor.ProBuilder.HierarchyListener:.cctor () (at Library/PackageCache/com.unity.probuilder@5.0.3/Editor/EditorCore/HierarchyListener.cs:21)
System.Runtime.CompilerServices.RuntimeHelpers:RunClassConstructor (System.RuntimeTypeHandle)
UnityEditor.EditorAssemblies:ProcessInitializeOnLoadAttributes (System.Type[])

[Library/PackageCache/com.unity.probuilder@5.0.3/Editor/EditorCore/EditorUtility.cs line 575]

Mono: successfully reloaded assembly
- Completed reload, in  1.620 seconds
Domain Reload Profiling:
	ReloadAssembly (1621ms)
		BeginReloadAssembly (128ms)
			ExecutionOrderSort (0ms)
			DisableScriptedObjects (6ms)
			BackupInstance (0ms)
			ReleaseScriptingObjects (0ms)
			CreateAndSetChildDomain (29ms)
		EndReloadAssembly (1343ms)
			LoadAssemblies (84ms)
			RebuildTransferFunctionScriptingTraits (0ms)
			SetupTypeCache (243ms)
			ReleaseScriptCaches (1ms)
			RebuildScriptCaches (41ms)
			SetupLoadedEditorAssemblies (903ms)
				LogAssemblyErrors (0ms)
				InitializePlatformSupportModulesInManaged (22ms)
				SetLoadedEditorAssemblies (0ms)
				RefreshPlugins (1ms)
				BeforeProcessingInitializeOnLoad (65ms)
				ProcessInitializeOnLoadAttributes (774ms)
				ProcessInitializeOnLoadMethodAttributes (31ms)
				AfterProcessingInitializeOnLoad (11ms)
				EditorAssembliesLoaded (0ms)
			ExecutionOrderSort2 (0ms)
			AwakeInstancesAfterBackupRestoration (14ms)
Platform modules already initialized, skipping
Refreshing native plugins compatible for Editor in 2.63 ms, found 2 plugins.
Preloading 0 native plugins for Editor in 0.00 ms.
Unloading 2047 Unused Serialized files (Serialized files now loaded: 0)
Unloading 13 unused Assets / (78.5 KB). Loaded Objects now: 2623.
Memory consumption went from 91.0 MB to 90.9 MB.
Total: 4.286200 ms (FindLiveObjects: 0.189100 ms CreateObjectMapping: 0.113600 ms MarkObjects: 3.794400 ms  DeleteObjects: 0.188100 ms)

AssetImportParameters requested are different than current active one (requested -> active):
  custom:video-decoder-ogg-theora: a1e56fd34408186e4bbccfd4996cb3dc -> 
  custom:container-muxer-webm: aa71ff27fc2769a1b78a27578f13a17b -> 
  custom:container-demuxer-webm: 4f35f7cbe854078d1ac9338744f61a02 -> 
  custom:video-encoder-webm-vp8: eb34c28f22e8b96e1ab97ce403110664 -> 
  custom:audio-encoder-webm-vorbis: bf7c407c2cedff20999df2af8eb42d56 -> 
  custom:framework-win-MediaFoundation: 216162199b28c13a410421893ffa2e32 -> 
  custom:container-demuxer-ogg: 62fdf1f143b41e24485cea50d1cbac27 -> 
  custom:video-decoder-webm-vp8: 9c59270c3fd7afecdb556c50c9e8de78 -> 
  custom:audio-decoder-ogg-vorbis: bf7c407c2cedff20999df2af8eb42d56 -> 
========================================================================
Received Import Request.
  Time since last request: 121.917977 seconds.
  path: Assets/Shaders/Distance.shader
  artifactKey: Guid(ef11e4d0cdad3814183bda135ac7525c) Importer(815301076,1909f56bfc062723c751e8b465ee728b)
Start importing Assets/Shaders/Distance.shader using Guid(ef11e4d0cdad3814183bda135ac7525c) Importer(815301076,1909f56bfc062723c751e8b465ee728b)  -> (artifact id: '6b521f06e0ad7ef4a50a8697593c2b7f') in 0.022048 seconds 
========================================================================
Received Import Request.
  Time since last request: 20.714734 seconds.
  path: Assets/Shaders/Unlit_Distance.mat
  artifactKey: Guid(8e42ff8a420b17b42974d206bf820e00) Importer(815301076,1909f56bfc062723c751e8b465ee728b)
Start importing Assets/Shaders/Unlit_Distance.mat using Guid(8e42ff8a420b17b42974d206bf820e00) Importer(815301076,1909f56bfc062723c751e8b465ee728b)  -> (artifact id: 'c3491e62a8aa72e3594bd104352f9fc5') in 0.095928 seconds 
========================================================================
Received Import Request.
  Time since last request: 60.092745 seconds.
  path: Assets/Shaders/Unlit_Distance.mat
  artifactKey: Guid(8e42ff8a420b17b42974d206bf820e00) Importer(815301076,1909f56bfc062723c751e8b465ee728b)
Start importing Assets/Shaders/Unlit_Distance.mat using Guid(8e42ff8a420b17b42974d206bf820e00) Importer(815301076,1909f56bfc062723c751e8b465ee728b) Shader error in 'Unlit/Distance': invalid subscript 'UV' at line 38 (on d3d11)

Compiling Subshader: 0, Pass: <Unnamed Pass 0>, Vertex program with <no keywords>
Platform defines: SHADER_API_DESKTOP UNITY_COLORSPACE_GAMMA UNITY_ENABLE_DETAIL_NORMALMAP UNITY_ENABLE_REFLECTION_BUFFERS UNITY_LIGHTMAP_FULL_HDR UNITY_LIGHT_PROBE_PROXY_VOLUME UNITY_PBS_USE_BRDF1 UNITY_SPECCUBE_BLENDING UNITY_SPECCUBE_BOX_PROJECTION UNITY_USE_DITHER_MASK_FOR_ALPHABLENDED_SHADOWS
Disabled keywords: SHADER_API_GLES30 UNITY_ASTC_NORMALMAP_ENCODING UNITY_ENABLE_NATIVE_SHADOW_LOOKUPS UNITY_FRAMEBUFFER_FETCH_AVAILABLE UNITY_HALF_PRECISION_FRAGMENT_SHADER_REGISTERS UNITY_HARDWARE_TIER1 UNITY_HARDWARE_TIER2 UNITY_HARDWARE_TIER3 UNITY_LIGHTMAP_DLDR_ENCODING UNITY_LIGHTMAP_RGBM_ENCODING UNITY_METAL_SHADOWS_USE_POINT_FILTERING UNITY_NO_DXT5nm UNITY_NO_FULL_STANDARD_SHADER UNITY_NO_SCREENSPACE_SHADOWS UNITY_PBS_USE_BRDF2 UNITY_PBS_USE_BRDF3 UNITY_PRETRANSFORM_TO_DISPLAY_ORIENTATION UNITY_UNIFIED_SHADER_PRECISION_MODEL UNITY_VIRTUAL_TEXTURING
Shader error in 'Unlit/Distance': invalid subscript 'UV' at line 38 (on d3d11)

Compiling Subshader: 0, Pass: <Unnamed Pass 0>, Vertex program with <no keywords>
Platform defines: SHADER_API_DESKTOP UNITY_COLORSPACE_GAMMA UNITY_ENABLE_DETAIL_NORMALMAP UNITY_ENABLE_REFLECTION_BUFFERS UNITY_LIGHTMAP_FULL_HDR UNITY_LIGHT_PROBE_PROXY_VOLUME UNITY_PBS_USE_BRDF1 UNITY_SPECCUBE_BLENDING UNITY_SPECCUBE_BOX_PROJECTION UNITY_USE_DITHER_MASK_FOR_ALPHABLENDED_SHADOWS
Disabled keywords: SHADER_API_GLES30 UNITY_ASTC_NORMALMAP_ENCODING UNITY_ENABLE_NATIVE_SHADOW_LOOKUPS UNITY_FRAMEBUFFER_FETCH_AVAILABLE UNITY_HALF_PRECISION_FRAGMENT_SHADER_REGISTERS UNITY_HARDWARE_TIER1 UNITY_HARDWARE_TIER2 UNITY_HARDWARE_TIER3 UNITY_LIGHTMAP_DLDR_ENCODING UNITY_LIGHTMAP_RGBM_ENCODING UNITY_METAL_SHADOWS_USE_POINT_FILTERING UNITY_NO_DXT5nm UNITY_NO_FULL_STANDARD_SHADER UNITY_NO_SCREENSPACE_SHADOWS UNITY_PBS_USE_BRDF2 UNITY_PBS_USE_BRDF3 UNITY_PRETRANSFORM_TO_DISPLAY_ORIENTATION UNITY_UNIFIED_SHADER_PRECISION_MODEL UNITY_VIRTUAL_TEXTURING
 -> (artifact id: 'ef70c3f8005bc54fa1d1b6c00e1f9f4c') in 0.043275 seconds 
========================================================================
Received Import Request.
  Time since last request: 7.558653 seconds.
  path: Assets/Shaders/Unlit_Distance.mat
  artifactKey: Guid(8e42ff8a420b17b42974d206bf820e00) Importer(815301076,1909f56bfc062723c751e8b465ee728b)
Start importing Assets/Shaders/Unlit_Distance.mat using Guid(8e42ff8a420b17b42974d206bf820e00) Importer(815301076,1909f56bfc062723c751e8b465ee728b)  -> (artifact id: 'acd26451541dfa70a932ae84dcddddbd') in 0.036585 seconds 
========================================================================
Received Import Request.
  Time since last request: 16.634981 seconds.
  path: Assets/Shaders/Unlit_Distance.mat
  artifactKey: Guid(8e42ff8a420b17b42974d206bf820e00) Importer(815301076,1909f56bfc062723c751e8b465ee728b)
Start importing Assets/Shaders/Unlit_Distance.mat using Guid(8e42ff8a420b17b42974d206bf820e00) Importer(815301076,1909f56bfc062723c751e8b465ee728b)  -> (artifact id: '677dfd019db07dd4291478854129c969') in 0.051081 seconds 
========================================================================
Received Import Request.
  Time since last request: 82.752977 seconds.
  path: Assets/Shaders/Unlit_Distance.mat
  artifactKey: Guid(8e42ff8a420b17b42974d206bf820e00) Importer(815301076,1909f56bfc062723c751e8b465ee728b)
Start importing Assets/Shaders/Unlit_Distance.mat using Guid(8e42ff8a420b17b42974d206bf820e00) Importer(815301076,1909f56bfc062723c751e8b465ee728b)  -> (artifact id: '4a3e7c9c35f8992f2fc7d86f60b7f0c5') in 0.046924 seconds 
========================================================================
Received Import Request.
  Time since last request: 124.829446 seconds.
  path: Assets/Shaders/Unlit_Distance.mat
  artifactKey: Guid(8e42ff8a420b17b42974d206bf820e00) Importer(815301076,1909f56bfc062723c751e8b465ee728b)
Start importing Assets/Shaders/Unlit_Distance.mat using Guid(8e42ff8a420b17b42974d206bf820e00) Importer(815301076,1909f56bfc062723c751e8b465ee728b)  -> (artifact id: 'f22027b396233a394014a8c6f00d323e') in 0.049173 seconds 
========================================================================
Received Import Request.
  Time since last request: 7.533114 seconds.
  path: Assets/Shaders/Unlit_Distance.mat
  artifactKey: Guid(8e42ff8a420b17b42974d206bf820e00) Importer(815301076,1909f56bfc062723c751e8b465ee728b)
Start importing Assets/Shaders/Unlit_Distance.mat using Guid(8e42ff8a420b17b42974d206bf820e00) Importer(815301076,1909f56bfc062723c751e8b465ee728b)  -> (artifact id: '5e9ea9d1e1cbdee2a5bd2e8916f280e2') in 0.094614 seconds 
========================================================================
Received Import Request.
  Time since last request: 67.775338 seconds.
  path: Assets/Shaders/Unlit_Distance.mat
  artifactKey: Guid(8e42ff8a420b17b42974d206bf820e00) Importer(815301076,1909f56bfc062723c751e8b465ee728b)
Start importing Assets/Shaders/Unlit_Distance.mat using Guid(8e42ff8a420b17b42974d206bf820e00) Importer(815301076,1909f56bfc062723c751e8b465ee728b)  -> (artifact id: '4a1f89c17002bccfa061b2b52df62fb6') in 0.116106 seconds 
========================================================================
Received Import Request.
  Time since last request: 132.093496 seconds.
  path: Assets/Shaders/Unlit_Distance.mat
  artifactKey: Guid(8e42ff8a420b17b42974d206bf820e00) Importer(815301076,1909f56bfc062723c751e8b465ee728b)
Start importing Assets/Shaders/Unlit_Distance.mat using Guid(8e42ff8a420b17b42974d206bf820e00) Importer(815301076,1909f56bfc062723c751e8b465ee728b)  -> (artifact id: '91d9900c665de3c02e7d9f0e2625dc63') in 0.063315 seconds 
========================================================================
Received Import Request.
  Time since last request: 1114.430206 seconds.
  path: Assets/Shaders/HealthBar.mat
  artifactKey: Guid(325889e45447f2247818e973ba69a896) Importer(815301076,1909f56bfc062723c751e8b465ee728b)
Start importing Assets/Shaders/HealthBar.mat using Guid(325889e45447f2247818e973ba69a896) Importer(815301076,1909f56bfc062723c751e8b465ee728b)  -> (artifact id: '91a156de40ba7088541314e519e533d3') in 0.083197 seconds 
========================================================================
Received Import Request.
  Time since last request: 14.743510 seconds.
  path: Assets/Shaders/HealthBar.mat
  artifactKey: Guid(325889e45447f2247818e973ba69a896) Importer(815301076,1909f56bfc062723c751e8b465ee728b)
Start importing Assets/Shaders/HealthBar.mat using Guid(325889e45447f2247818e973ba69a896) Importer(815301076,1909f56bfc062723c751e8b465ee728b)  -> (artifact id: '28f61e136010279717c3b274aee6e172') in 0.013781 seconds 
========================================================================
Received Import Request.
  Time since last request: 680.659143 seconds.
  path: Assets/Shaders/HealthBar.mat
  artifactKey: Guid(325889e45447f2247818e973ba69a896) Importer(815301076,1909f56bfc062723c751e8b465ee728b)
Start importing Assets/Shaders/HealthBar.mat using Guid(325889e45447f2247818e973ba69a896) Importer(815301076,1909f56bfc062723c751e8b465ee728b)  -> (artifact id: '6abc0b853122626d514faa7966fc8ed1') in 0.027597 seconds 
